Gtk-Message: 15:25:01.325: Failed to load module "atk-bridge"
Gtk-Message: 15:25:01.325: Failed to load module "appmenu-gtk-module"

(gimp:75676): Gtk-WARNING **: 15:25:01.329: Unable to locate theme engine in module_path: "adwaita",

(gimp:75676): Gtk-WARNING **: 15:25:01.334: Unable to locate theme engine in module_path: "murrine",

(gimp:75676): Gtk-WARNING **: 15:25:01.335: Unable to locate theme engine in module_path: "adwaita",
Gtk-Message: 15:25:01.336: Failed to load module "canberra-gtk-module"
Gtk-Message: 15:25:03.142: Failed to load module "atk-bridge"
Gtk-Message: 15:25:03.142: Failed to load module "appmenu-gtk-module"

(file-png:75753): Gtk-WARNING **: 15:25:03.147: Unable to locate theme engine in module_path: "adwaita",

(file-png:75753): Gtk-WARNING **: 15:25:03.150: Unable to locate theme engine in module_path: "murrine",

(file-png:75753): Gtk-WARNING **: 15:25:03.150: Unable to locate theme engine in module_path: "adwaita",
Gtk-Message: 15:25:03.151: Failed to load module "canberra-gtk-module"
Gtk-Message: 15:25:58.643: Failed to load module "atk-bridge"
Gtk-Message: 15:25:58.643: Failed to load module "appmenu-gtk-module"

(gimp:76416): Gtk-WARNING **: 15:25:58.648: Unable to locate theme engine in module_path: "adwaita",

(gimp:76416): Gtk-WARNING **: 15:25:58.651: Unable to locate theme engine in module_path: "murrine",

(gimp:76416): Gtk-WARNING **: 15:25:58.652: Unable to locate theme engine in module_path: "adwaita",
Gtk-Message: 15:25:58.652: Failed to load module "canberra-gtk-module"
Gtk-Message: 15:26:00.500: Failed to load module "atk-bridge"
Gtk-Message: 15:26:00.501: Failed to load module "appmenu-gtk-module"

(file-png:76501): Gtk-WARNING **: 15:26:00.507: Unable to locate theme engine in module_path: "adwaita",

(file-png:76501): Gtk-WARNING **: 15:26:00.511: Unable to locate theme engine in module_path: "murrine",

(file-png:76501): Gtk-WARNING **: 15:26:00.512: Unable to locate theme engine in module_path: "adwaita",
Gtk-Message: 15:26:00.513: Failed to load module "canberra-gtk-module"
GeglBuffer* gimp_pickable_contiguous_region_by_seed(GimpPickable*, gboolean, gfloat, gboolean, GimpSelectCriterion, gboolean, gint, gint): foo took 0,0519 seconds
using gegl copy
GeglBuffer* gimp_pickable_contiguous_region_by_seed(GimpPickable*, gboolean, gfloat, gboolean, GimpSelectCriterion, gboolean, gint, gint): foo took 0,0521 seconds
using gegl copy
Gtk-Message: 15:26:46.089: Failed to load module "atk-bridge"
Gtk-Message: 15:26:46.090: Failed to load module "appmenu-gtk-module"

(file-png:76786): Gtk-WARNING **: 15:26:46.095: Unable to locate theme engine in module_path: "adwaita",

(file-png:76786): Gtk-WARNING **: 15:26:46.099: Unable to locate theme engine in module_path: "murrine",

(file-png:76786): Gtk-WARNING **: 15:26:46.100: Unable to locate theme engine in module_path: "adwaita",
Gtk-Message: 15:26:46.100: Failed to load module "canberra-gtk-module"
Gtk-Message: 15:26:57.570: Failed to load module "atk-bridge"
Gtk-Message: 15:26:57.570: Failed to load module "appmenu-gtk-module"

(gimp:76912): Gtk-WARNING **: 15:26:57.575: Unable to locate theme engine in module_path: "adwaita",

(gimp:76912): Gtk-WARNING **: 15:26:57.578: Unable to locate theme engine in module_path: "murrine",

(gimp:76912): Gtk-WARNING **: 15:26:57.579: Unable to locate theme engine in module_path: "adwaita",
Gtk-Message: 15:26:57.579: Failed to load module "canberra-gtk-module"
Gtk-Message: 15:26:59.557: Failed to load module "atk-bridge"
Gtk-Message: 15:26:59.557: Failed to load module "appmenu-gtk-module"

(file-png:76973): Gtk-WARNING **: 15:26:59.566: Unable to locate theme engine in module_path: "adwaita",

(file-png:76973): Gtk-WARNING **: 15:26:59.571: Unable to locate theme engine in module_path: "murrine",

(file-png:76973): Gtk-WARNING **: 15:26:59.572: Unable to locate theme engine in module_path: "adwaita",
Gtk-Message: 15:26:59.573: Failed to load module "canberra-gtk-module"
GeglBuffer* gimp_pickable_contiguous_region_by_seed(GimpPickable*, gboolean, gfloat, gboolean, GimpSelectCriterion, gboolean, gint, gint): foo took 0,0566 seconds
using gegl copy
GeglBuffer* gimp_pickable_contiguous_region_by_seed(GimpPickable*, gboolean, gfloat, gboolean, GimpSelectCriterion, gboolean, gint, gint): foo took 0,0542 seconds
using gegl copy
GeglBuffer* gimp_pickable_contiguous_region_by_seed(GimpPickable*, gboolean, gfloat, gboolean, GimpSelectCriterion, gboolean, gint, gint): foo took 0,0310 seconds
GeglBuffer* gimp_pickable_contiguous_region_by_seed(GimpPickable*, gboolean, gfloat, gboolean, GimpSelectCriterion, gboolean, gint, gint): foo took 0,0323 seconds
GeglBuffer* gimp_pickable_contiguous_region_by_seed(GimpPickable*, gboolean, gfloat, gboolean, GimpSelectCriterion, gboolean, gint, gint): foo took 0,0604 seconds
using gegl copy
GeglBuffer* gimp_pickable_contiguous_region_by_seed(GimpPickable*, gboolean, gfloat, gboolean, GimpSelectCriterion, gboolean, gint, gint): foo took 0,0568 seconds
using gegl copy
GeglBuffer* gimp_pickable_contiguous_region_by_seed(GimpPickable*, gboolean, gfloat, gboolean, GimpSelectCriterion, gboolean, gint, gint): foo took 0,0610 seconds
using gegl copy
gimp_line_art_prepare_async_func: close line-art took 0,4878 seconds
GeglBuffer* gimp_pickable_contiguous_region_by_line_art(GimpPickable*, GimpLineArt*, gint, gint): watershed line art took 0,0096 seconds
using gegl copy
gimp_line_art_prepare_async_func: close line-art took 0,7203 seconds
Gtk-Message: 15:28:03.777: Failed to load module "atk-bridge"
Gtk-Message: 15:28:03.777: Failed to load module "appmenu-gtk-module"

(file-png:77284): Gtk-WARNING **: 15:28:03.782: Unable to locate theme engine in module_path: "adwaita",

(file-png:77284): Gtk-WARNING **: 15:28:03.785: Unable to locate theme engine in module_path: "murrine",

(file-png:77284): Gtk-WARNING **: 15:28:03.785: Unable to locate theme engine in module_path: "adwaita",
Gtk-Message: 15:28:03.786: Failed to load module "canberra-gtk-module"
Gtk-Message: 15:28:11.508: Failed to load module "atk-bridge"
Gtk-Message: 15:28:11.508: Failed to load module "appmenu-gtk-module"

(file-png:77360): Gtk-WARNING **: 15:28:11.513: Unable to locate theme engine in module_path: "adwaita",

(file-png:77360): Gtk-WARNING **: 15:28:11.517: Unable to locate theme engine in module_path: "murrine",

(file-png:77360): Gtk-WARNING **: 15:28:11.517: Unable to locate theme engine in module_path: "adwaita",
Gtk-Message: 15:28:11.517: Failed to load module "canberra-gtk-module"
gimp_line_art_prepare_async_func: close line-art took 0,0140 seconds
gimp_line_art_prepare_async_func: close line-art took 1,6399 seconds
using gegl copy
gimp_line_art_prepare_async_func: close line-art took 1,6116 seconds
using gegl copy
gimp_line_art_prepare_async_func: close line-art took 1,6643 seconds
gimp_line_art_prepare_async_func: close line-art took 1,6278 seconds
using gegl copy
gimp_line_art_prepare_async_func: close line-art took 1,6157 seconds
using gegl copy
gimp_line_art_prepare_async_func: close line-art took 1,5896 seconds
using gegl copy
gimp_line_art_prepare_async_func: close line-art took 1,5980 seconds
GeglBuffer* gimp_pickable_contiguous_region_by_seed(GimpPickable*, gboolean, gfloat, gboolean, GimpSelectCriterion, gboolean, gint, gint): foo took 0,0516 seconds
using gegl copy
gimp_line_art_prepare_async_func: close line-art took 1,3464 seconds
GeglBuffer* gimp_pickable_contiguous_region_by_line_art(GimpPickable*, GimpLineArt*, gint, gint): watershed line art took 0,0100 seconds
using gegl copy
gimp_line_art_prepare_async_func: close line-art took 1,5755 seconds
GeglBuffer* gimp_pickable_contiguous_region_by_line_art(GimpPickable*, GimpLineArt*, gint, gint): watershed line art took 0,0234 seconds
using gegl copy
gimp_line_art_prepare_async_func: close line-art took 1,5756 seconds
GeglBuffer* gimp_pickable_contiguous_region_by_line_art(GimpPickable*, GimpLineArt*, gint, gint): watershed line art took 0,0084 seconds
using gegl copy
gimp_line_art_prepare_async_func: close line-art took 1,5700 seconds
GeglBuffer* gimp_pickable_contiguous_region_by_line_art(GimpPickable*, GimpLineArt*, gint, gint): watershed line art took 0,0235 seconds
using gegl copy
gimp_line_art_prepare_async_func: close line-art took 1,5394 seconds
GeglBuffer* gimp_pickable_contiguous_region_by_line_art(GimpPickable*, GimpLineArt*, gint, gint): watershed line art took 0,0084 seconds
using gegl copy
GeglBuffer* gimp_pickable_contiguous_region_by_line_art(GimpPickable*, GimpLineArt*, gint, gint): watershed line art took 0,0077 seconds
using gegl copy
gimp_line_art_prepare_async_func: close line-art took 1,5930 seconds
GeglBuffer* gimp_pickable_contiguous_region_by_line_art(GimpPickable*, GimpLineArt*, gint, gint): watershed line art took 0,0082 seconds
using gegl copy
gimp_line_art_prepare_async_func: close line-art took 1,4860 seconds
GeglBuffer* gimp_pickable_contiguous_region_by_line_art(GimpPickable*, GimpLineArt*, gint, gint): watershed line art took 0,0080 seconds
using gegl copy
gimp_line_art_prepare_async_func: close line-art took 1,5039 seconds
GeglBuffer* gimp_pickable_contiguous_region_by_line_art(GimpPickable*, GimpLineArt*, gint, gint): watershed line art took 0,0079 seconds
using gegl copy
gimp_line_art_prepare_async_func: close line-art took 1,6073 seconds
GeglBuffer* gimp_pickable_contiguous_region_by_line_art(GimpPickable*, GimpLineArt*, gint, gint): watershed line art took 0,0079 seconds
using gegl copy
gimp_line_art_prepare_async_func: close line-art took 1,4862 seconds
GeglBuffer* gimp_pickable_contiguous_region_by_line_art(GimpPickable*, GimpLineArt*, gint, gint): watershed line art took 0,0079 seconds
using gegl copy
gimp_line_art_prepare_async_func: close line-art took 1,6494 seconds
GeglBuffer* gimp_pickable_contiguous_region_by_line_art(GimpPickable*, GimpLineArt*, gint, gint): watershed line art took 0,0206 seconds
using gegl copy
gimp_line_art_prepare_async_func: close line-art took 1,6255 seconds
GeglBuffer* gimp_pickable_contiguous_region_by_line_art(GimpPickable*, GimpLineArt*, gint, gint): watershed line art took 0,0251 seconds
using gegl copy
gimp_line_art_prepare_async_func: close line-art took 1,5691 seconds
GeglBuffer* gimp_pickable_contiguous_region_by_line_art(GimpPickable*, GimpLineArt*, gint, gint): watershed line art took 0,0083 seconds
using gegl copy
gimp_line_art_prepare_async_func: close line-art took 1,6410 seconds
Gtk-Message: 15:29:32.971: Failed to load module "atk-bridge"
Gtk-Message: 15:29:32.971: Failed to load module "appmenu-gtk-module"

(gimp:77775): Gtk-WARNING **: 15:29:32.975: Unable to locate theme engine in module_path: "adwaita",

(gimp:77775): Gtk-WARNING **: 15:29:32.977: Unable to locate theme engine in module_path: "murrine",

(gimp:77775): Gtk-WARNING **: 15:29:32.978: Unable to locate theme engine in module_path: "adwaita",
Gtk-Message: 15:29:32.978: Failed to load module "canberra-gtk-module"
Gtk-Message: 15:29:34.929: Failed to load module "atk-bridge"
Gtk-Message: 15:29:34.929: Failed to load module "appmenu-gtk-module"

(file-png:77838): Gtk-WARNING **: 15:29:34.934: Unable to locate theme engine in module_path: "adwaita",

(file-png:77838): Gtk-WARNING **: 15:29:34.937: Unable to locate theme engine in module_path: "murrine",

(file-png:77838): Gtk-WARNING **: 15:29:34.937: Unable to locate theme engine in module_path: "adwaita",
Gtk-Message: 15:29:34.938: Failed to load module "canberra-gtk-module"
gimp_line_art_prepare_async_func: close line-art took 0,4385 seconds
GeglBuffer* gimp_pickable_contiguous_region_by_line_art(GimpPickable*, GimpLineArt*, gint, gint): watershed line art took 0,0089 seconds
using gegl copy
gimp_line_art_prepare_async_func: close line-art took 0,7566 seconds
GeglBuffer* gimp_pickable_contiguous_region_by_line_art(GimpPickable*, GimpLineArt*, gint, gint): watershed line art took 0,0201 seconds
using gegl copy
gimp_line_art_prepare_async_func: close line-art took 0,7828 seconds
GeglBuffer* gimp_pickable_contiguous_region_by_line_art(GimpPickable*, GimpLineArt*, gint, gint): watershed line art took 0,0091 seconds
using gegl copy
gimp_line_art_prepare_async_func: close line-art took 0,7793 seconds
GeglBuffer* gimp_pickable_contiguous_region_by_line_art(GimpPickable*, GimpLineArt*, gint, gint): watershed line art took 0,0111 seconds
using gegl copy
gimp_line_art_prepare_async_func: close line-art took 0,7447 seconds
GeglBuffer* gimp_pickable_contiguous_region_by_line_art(GimpPickable*, GimpLineArt*, gint, gint): watershed line art took 0,0076 seconds
using gegl copy
gimp_line_art_prepare_async_func: close line-art took 0,7192 seconds
GeglBuffer* gimp_pickable_contiguous_region_by_line_art(GimpPickable*, GimpLineArt*, gint, gint): watershed line art took 0,0083 seconds
using gegl copy
gimp_line_art_prepare_async_func: close line-art took 0,7852 seconds
GeglBuffer* gimp_pickable_contiguous_region_by_line_art(GimpPickable*, GimpLineArt*, gint, gint): watershed line art took 0,0274 seconds
using gegl copy
gimp_line_art_prepare_async_func: close line-art took 1,0000 seconds
gimp_line_art_prepare_async_func: close line-art took 0,2015 seconds
gimp_line_art_prepare_async_func: close line-art took 0,1848 seconds
gimp_line_art_prepare_async_func: close line-art took 0,1709 seconds
gimp_line_art_prepare_async_func: close line-art took 0,1838 seconds
gimp_line_art_prepare_async_func: close line-art took 0,1670 seconds
gimp_line_art_prepare_async_func: close line-art took 0,1716 seconds
gimp_line_art_prepare_async_func: close line-art took 0,3569 seconds
gimp_line_art_prepare_async_func: close line-art took 0,4029 seconds
gimp_line_art_prepare_async_func: close line-art took 0,4320 seconds
gimp_line_art_prepare_async_func: close line-art took 0,7512 seconds
GeglBuffer* gimp_pickable_contiguous_region_by_line_art(GimpPickable*, GimpLineArt*, gint, gint): watershed line art took 0,0246 seconds
using gegl copy
gimp_line_art_prepare_async_func: close line-art took 0,7722 seconds
gimp_line_art_prepare_async_func: close line-art took 0,7567 seconds
GeglBuffer* gimp_pickable_contiguous_region_by_line_art(GimpPickable*, GimpLineArt*, gint, gint): watershed line art took 0,0139 seconds
using gegl copy
gimp_line_art_prepare_async_func: close line-art took 0,7812 seconds
GeglBuffer* gimp_pickable_contiguous_region_by_line_art(GimpPickable*, GimpLineArt*, gint, gint): watershed line art took 0,0254 seconds
using gegl copy
gimp_line_art_prepare_async_func: close line-art took 0,7760 seconds
GeglBuffer* gimp_pickable_contiguous_region_by_line_art(GimpPickable*, GimpLineArt*, gint, gint): watershed line art took 0,0103 seconds
using gegl copy
gimp_line_art_prepare_async_func: close line-art took 0,7848 seconds
GeglBuffer* gimp_pickable_contiguous_region_by_line_art(GimpPickable*, GimpLineArt*, gint, gint): watershed line art took 0,0219 seconds
using gegl copy
gimp_line_art_prepare_async_func: close line-art took 0,7766 seconds
GeglBuffer* gimp_pickable_contiguous_region_by_line_art(GimpPickable*, GimpLineArt*, gint, gint): watershed line art took 0,0082 seconds
using gegl copy
gimp_line_art_prepare_async_func: close line-art took 0,7746 seconds
GeglBuffer* gimp_pickable_contiguous_region_by_line_art(GimpPickable*, GimpLineArt*, gint, gint): watershed line art took 0,0084 seconds
using gegl copy
gimp_line_art_prepare_async_func: close line-art took 0,7683 seconds
GeglBuffer* gimp_pickable_contiguous_region_by_line_art(GimpPickable*, GimpLineArt*, gint, gint): watershed line art took 0,0086 seconds
using gegl copy
gimp_line_art_prepare_async_func: close line-art took 0,7683 seconds
GeglBuffer* gimp_pickable_contiguous_region_by_line_art(GimpPickable*, GimpLineArt*, gint, gint): watershed line art took 0,0231 seconds
using gegl copy
gimp_line_art_prepare_async_func: close line-art took 0,7895 seconds
GeglBuffer* gimp_pickable_contiguous_region_by_line_art(GimpPickable*, GimpLineArt*, gint, gint): watershed line art took 0,0256 seconds
using gegl copy
gimp_line_art_prepare_async_func: close line-art took 0,7969 seconds
GeglBuffer* gimp_pickable_contiguous_region_by_line_art(GimpPickable*, GimpLineArt*, gint, gint): watershed line art took 0,0094 seconds
using gegl copy
gimp_line_art_prepare_async_func: close line-art took 0,8871 seconds
GeglBuffer* gimp_pickable_contiguous_region_by_line_art(GimpPickable*, GimpLineArt*, gint, gint): watershed line art took 0,0095 seconds
using gegl copy
gimp_line_art_prepare_async_func: close line-art took 0,7490 seconds
GeglBuffer* gimp_pickable_contiguous_region_by_line_art(GimpPickable*, GimpLineArt*, gint, gint): watershed line art took 0,0249 seconds
using gegl copy
GeglBuffer* gimp_pickable_contiguous_region_by_line_art(GimpPickable*, GimpLineArt*, gint, gint): watershed line art took 0,0187 seconds
GeglBuffer* gimp_pickable_contiguous_region_by_line_art(GimpPickable*, GimpLineArt*, gint, gint): watershed line art took 0,0082 seconds
GeglBuffer* gimp_pickable_contiguous_region_by_line_art(GimpPickable*, GimpLineArt*, gint, gint): watershed line art took 0,0080 seconds
GeglBuffer* gimp_pickable_contiguous_region_by_line_art(GimpPickable*, GimpLineArt*, gint, gint): watershed line art took 0,0263 seconds
GeglBuffer* gimp_pickable_contiguous_region_by_line_art(GimpPickable*, GimpLineArt*, gint, gint): watershed line art took 0,0087 seconds
GeglBuffer* gimp_pickable_contiguous_region_by_line_art(GimpPickable*, GimpLineArt*, gint, gint): watershed line art took 0,0087 seconds
GeglBuffer* gimp_pickable_contiguous_region_by_line_art(GimpPickable*, GimpLineArt*, gint, gint): watershed line art took 0,0258 seconds
GeglBuffer* gimp_pickable_contiguous_region_by_line_art(GimpPickable*, GimpLineArt*, gint, gint): watershed line art took 0,0081 seconds
GeglBuffer* gimp_pickable_contiguous_region_by_line_art(GimpPickable*, GimpLineArt*, gint, gint): watershed line art took 0,0083 seconds
GeglBuffer* gimp_pickable_contiguous_region_by_line_art(GimpPickable*, GimpLineArt*, gint, gint): watershed line art took 0,0088 seconds
GeglBuffer* gimp_pickable_contiguous_region_by_line_art(GimpPickable*, GimpLineArt*, gint, gint): watershed line art took 0,0231 seconds
GeglBuffer* gimp_pickable_contiguous_region_by_line_art(GimpPickable*, GimpLineArt*, gint, gint): watershed line art took 0,0259 seconds
GeglBuffer* gimp_pickable_contiguous_region_by_line_art(GimpPickable*, GimpLineArt*, gint, gint): watershed line art took 0,0262 seconds
GeglBuffer* gimp_pickable_contiguous_region_by_line_art(GimpPickable*, GimpLineArt*, gint, gint): watershed line art took 0,0083 seconds
GeglBuffer* gimp_pickable_contiguous_region_by_line_art(GimpPickable*, GimpLineArt*, gint, gint): watershed line art took 0,0085 seconds
GeglBuffer* gimp_pickable_contiguous_region_by_line_art(GimpPickable*, GimpLineArt*, gint, gint): watershed line art took 0,0255 seconds
GeglBuffer* gimp_pickable_contiguous_region_by_line_art(GimpPickable*, GimpLineArt*, gint, gint): watershed line art took 0,0088 seconds
GeglBuffer* gimp_pickable_contiguous_region_by_line_art(GimpPickable*, GimpLineArt*, gint, gint): watershed line art took 0,0104 seconds
GeglBuffer* gimp_pickable_contiguous_region_by_line_art(GimpPickable*, GimpLineArt*, gint, gint): watershed line art took 0,0267 seconds
GeglBuffer* gimp_pickable_contiguous_region_by_line_art(GimpPickable*, GimpLineArt*, gint, gint): watershed line art took 0,0081 seconds
GeglBuffer* gimp_pickable_contiguous_region_by_line_art(GimpPickable*, GimpLineArt*, gint, gint): watershed line art took 0,0079 seconds
GeglBuffer* gimp_pickable_contiguous_region_by_line_art(GimpPickable*, GimpLineArt*, gint, gint): watershed line art took 0,0245 seconds
GeglBuffer* gimp_pickable_contiguous_region_by_line_art(GimpPickable*, GimpLineArt*, gint, gint): watershed line art took 0,0086 seconds
GeglBuffer* gimp_pickable_contiguous_region_by_line_art(GimpPickable*, GimpLineArt*, gint, gint): watershed line art took 0,0101 seconds
GeglBuffer* gimp_pickable_contiguous_region_by_line_art(GimpPickable*, GimpLineArt*, gint, gint): watershed line art took 0,0240 seconds
GeglBuffer* gimp_pickable_contiguous_region_by_line_art(GimpPickable*, GimpLineArt*, gint, gint): watershed line art took 0,0258 seconds
GeglBuffer* gimp_pickable_contiguous_region_by_line_art(GimpPickable*, GimpLineArt*, gint, gint): watershed line art took 0,0082 seconds
gimp_line_art_prepare_async_func: close line-art took 0,7966 seconds
using gegl copy
GeglBuffer* gimp_pickable_contiguous_region_by_line_art(GimpPickable*, GimpLineArt*, gint, gint): watershed line art took 0,0079 seconds
GeglBuffer* gimp_pickable_contiguous_region_by_line_art(GimpPickable*, GimpLineArt*, gint, gint): watershed line art took 0,0081 seconds
GeglBuffer* gimp_pickable_contiguous_region_by_line_art(GimpPickable*, GimpLineArt*, gint, gint): watershed line art took 0,0321 seconds
GeglBuffer* gimp_pickable_contiguous_region_by_line_art(GimpPickable*, GimpLineArt*, gint, gint): watershed line art took 0,0131 seconds
GeglBuffer* gimp_pickable_contiguous_region_by_line_art(GimpPickable*, GimpLineArt*, gint, gint): watershed line art took 0,0087 seconds
GeglBuffer* gimp_pickable_contiguous_region_by_line_art(GimpPickable*, GimpLineArt*, gint, gint): watershed line art took 0,0082 seconds
GeglBuffer* gimp_pickable_contiguous_region_by_line_art(GimpPickable*, GimpLineArt*, gint, gint): watershed line art took 0,0083 seconds
GeglBuffer* gimp_pickable_contiguous_region_by_line_art(GimpPickable*, GimpLineArt*, gint, gint): watershed line art took 0,0087 seconds
GeglBuffer* gimp_pickable_contiguous_region_by_line_art(GimpPickable*, GimpLineArt*, gint, gint): watershed line art took 0,0237 seconds
GeglBuffer* gimp_pickable_contiguous_region_by_line_art(GimpPickable*, GimpLineArt*, gint, gint): watershed line art took 0,0251 seconds
GeglBuffer* gimp_pickable_contiguous_region_by_line_art(GimpPickable*, GimpLineArt*, gint, gint): watershed line art took 0,0088 seconds
GeglBuffer* gimp_pickable_contiguous_region_by_line_art(GimpPickable*, GimpLineArt*, gint, gint): watershed line art took 0,0088 seconds
GeglBuffer* gimp_pickable_contiguous_region_by_line_art(GimpPickable*, GimpLineArt*, gint, gint): watershed line art took 0,0080 seconds
GeglBuffer* gimp_pickable_contiguous_region_by_line_art(GimpPickable*, GimpLineArt*, gint, gint): watershed line art took 0,0081 seconds
GeglBuffer* gimp_pickable_contiguous_region_by_line_art(GimpPickable*, GimpLineArt*, gint, gint): watershed line art took 0,0213 seconds
GeglBuffer* gimp_pickable_contiguous_region_by_line_art(GimpPickable*, GimpLineArt*, gint, gint): watershed line art took 0,0085 seconds
GeglBuffer* gimp_pickable_contiguous_region_by_line_art(GimpPickable*, GimpLineArt*, gint, gint): watershed line art took 0,0235 seconds
GeglBuffer* gimp_pickable_contiguous_region_by_line_art(GimpPickable*, GimpLineArt*, gint, gint): watershed line art took 0,0102 seconds
GeglBuffer* gimp_pickable_contiguous_region_by_line_art(GimpPickable*, GimpLineArt*, gint, gint): watershed line art took 0,0258 seconds
GeglBuffer* gimp_pickable_contiguous_region_by_line_art(GimpPickable*, GimpLineArt*, gint, gint): watershed line art took 0,0104 seconds
GeglBuffer* gimp_pickable_contiguous_region_by_line_art(GimpPickable*, GimpLineArt*, gint, gint): watershed line art took 0,0274 seconds
GeglBuffer* gimp_pickable_contiguous_region_by_line_art(GimpPickable*, GimpLineArt*, gint, gint): watershed line art took 0,0088 seconds
GeglBuffer* gimp_pickable_contiguous_region_by_line_art(GimpPickable*, GimpLineArt*, gint, gint): watershed line art took 0,0087 seconds
GeglBuffer* gimp_pickable_contiguous_region_by_line_art(GimpPickable*, GimpLineArt*, gint, gint): watershed line art took 0,0087 seconds
GeglBuffer* gimp_pickable_contiguous_region_by_line_art(GimpPickable*, GimpLineArt*, gint, gint): watershed line art took 0,0231 seconds
GeglBuffer* gimp_pickable_contiguous_region_by_line_art(GimpPickable*, GimpLineArt*, gint, gint): watershed line art took 0,0255 seconds
GeglBuffer* gimp_pickable_contiguous_region_by_line_art(GimpPickable*, GimpLineArt*, gint, gint): watershed line art took 0,0238 seconds
GeglBuffer* gimp_pickable_contiguous_region_by_line_art(GimpPickable*, GimpLineArt*, gint, gint): watershed line art took 0,0211 seconds
GeglBuffer* gimp_pickable_contiguous_region_by_line_art(GimpPickable*, GimpLineArt*, gint, gint): watershed line art took 0,0263 seconds
gimp_line_art_prepare_async_func: close line-art took 0,8465 seconds
GeglBuffer* gimp_pickable_contiguous_region_by_line_art(GimpPickable*, GimpLineArt*, gint, gint): watershed line art took 0,0233 seconds
using gegl copy
gimp_line_art_prepare_async_func: close line-art took 0,8344 seconds
GeglBuffer* gimp_pickable_contiguous_region_by_line_art(GimpPickable*, GimpLineArt*, gint, gint): watershed line art took 0,0276 seconds
using gegl copy
gimp_line_art_prepare_async_func: close line-art took 0,8545 seconds
GeglBuffer* gimp_pickable_contiguous_region_by_line_art(GimpPickable*, GimpLineArt*, gint, gint): watershed line art took 0,0256 seconds
using gegl copy
gimp_line_art_prepare_async_func: close line-art took 0,8538 seconds
using gegl copy
GeglBuffer* gimp_pickable_contiguous_region_by_line_art(GimpPickable*, GimpLineArt*, gint, gint): watershed line art took 0,0238 seconds
GeglBuffer* gimp_pickable_contiguous_region_by_line_art(GimpPickable*, GimpLineArt*, gint, gint): watershed line art took 0,0239 seconds
GeglBuffer* gimp_pickable_contiguous_region_by_line_art(GimpPickable*, GimpLineArt*, gint, gint): watershed line art took 0,0218 seconds
gimp_line_art_prepare_async_func: close line-art took 0,8461 seconds
using gegl copy
gimp_line_art_prepare_async_func: close line-art took 0,8409 seconds
GeglBuffer* gimp_pickable_contiguous_region_by_seed(GimpPickable*, gboolean, gfloat, gboolean, GimpSelectCriterion, gboolean, gint, gint): foo took 0,0003 seconds
using gegl copy
GeglBuffer* gimp_pickable_contiguous_region_by_seed(GimpPickable*, gboolean, gfloat, gboolean, GimpSelectCriterion, gboolean, gint, gint): foo took 0,0003 seconds
using gegl copy
GeglBuffer* gimp_pickable_contiguous_region_by_seed(GimpPickable*, gboolean, gfloat, gboolean, GimpSelectCriterion, gboolean, gint, gint): foo took 0,0004 seconds
using gegl copy
GeglBuffer* gimp_pickable_contiguous_region_by_seed(GimpPickable*, gboolean, gfloat, gboolean, GimpSelectCriterion, gboolean, gint, gint): foo took 0,0004 seconds
using gegl copy
GeglBuffer* gimp_pickable_contiguous_region_by_seed(GimpPickable*, gboolean, gfloat, gboolean, GimpSelectCriterion, gboolean, gint, gint): foo took 0,0003 seconds
using gegl copy
GeglBuffer* gimp_pickable_contiguous_region_by_seed(GimpPickable*, gboolean, gfloat, gboolean, GimpSelectCriterion, gboolean, gint, gint): foo took 0,0004 seconds
using gegl copy
GeglBuffer* gimp_pickable_contiguous_region_by_seed(GimpPickable*, gboolean, gfloat, gboolean, GimpSelectCriterion, gboolean, gint, gint): foo took 0,0001 seconds
using gegl copy
GeglBuffer* gimp_pickable_contiguous_region_by_seed(GimpPickable*, gboolean, gfloat, gboolean, GimpSelectCriterion, gboolean, gint, gint): foo took 0,0001 seconds
using gegl copy
GeglBuffer* gimp_pickable_contiguous_region_by_seed(GimpPickable*, gboolean, gfloat, gboolean, GimpSelectCriterion, gboolean, gint, gint): foo took 0,0003 seconds
using gegl copy
GeglBuffer* gimp_pickable_contiguous_region_by_seed(GimpPickable*, gboolean, gfloat, gboolean, GimpSelectCriterion, gboolean, gint, gint): foo took 0,0007 seconds
using gegl copy
GeglBuffer* gimp_pickable_contiguous_region_by_seed(GimpPickable*, gboolean, gfloat, gboolean, GimpSelectCriterion, gboolean, gint, gint): foo took 0,0004 seconds
using gegl copy
Gtk-Message: 15:32:17.999: Failed to load module "atk-bridge"
Gtk-Message: 15:32:17.999: Failed to load module "appmenu-gtk-module"

(file-png:78579): Gtk-WARNING **: 15:32:18.004: Unable to locate theme engine in module_path: "adwaita",

(file-png:78579): Gtk-WARNING **: 15:32:18.007: Unable to locate theme engine in module_path: "murrine",

(file-png:78579): Gtk-WARNING **: 15:32:18.007: Unable to locate theme engine in module_path: "adwaita",
Gtk-Message: 15:32:18.008: Failed to load module "canberra-gtk-module"
Gtk-Message: 15:32:34.857: Failed to load module "atk-bridge"
Gtk-Message: 15:32:34.858: Failed to load module "appmenu-gtk-module"

(file-png:78697): Gtk-WARNING **: 15:32:34.862: Unable to locate theme engine in module_path: "adwaita",

(file-png:78697): Gtk-WARNING **: 15:32:34.865: Unable to locate theme engine in module_path: "murrine",

(file-png:78697): Gtk-WARNING **: 15:32:34.865: Unable to locate theme engine in module_path: "adwaita",
Gtk-Message: 15:32:34.865: Failed to load module "canberra-gtk-module"
GeglBuffer* gimp_pickable_contiguous_region_by_seed(GimpPickable*, gboolean, gfloat, gboolean, GimpSelectCriterion, gboolean, gint, gint): foo took 0,0506 seconds
using gegl copy
gimp_line_art_prepare_async_func: close line-art took 0,4003 seconds
GeglBuffer* gimp_pickable_contiguous_region_by_line_art(GimpPickable*, GimpLineArt*, gint, gint): watershed line art took 0,0092 seconds
using gegl copy
gimp_line_art_prepare_async_func: close line-art took 0,7351 seconds
GeglBuffer* gimp_pickable_contiguous_region_by_line_art(GimpPickable*, GimpLineArt*, gint, gint): watershed line art took 0,0233 seconds
using gegl copy
gimp_line_art_prepare_async_func: close line-art took 0,7473 seconds
GeglBuffer* gimp_pickable_contiguous_region_by_line_art(GimpPickable*, GimpLineArt*, gint, gint): watershed line art took 0,0092 seconds
using gegl copy
gimp_line_art_prepare_async_func: close line-art took 0,7496 seconds
GeglBuffer* gimp_pickable_contiguous_region_by_line_art(GimpPickable*, GimpLineArt*, gint, gint): watershed line art took 0,0259 seconds
using gegl copy
gimp_line_art_prepare_async_func: close line-art took 0,7522 seconds
using gegl copy
gimp_line_art_prepare_async_func: close line-art took 0,7187 seconds
using gegl copy
gimp_line_art_prepare_async_func: close line-art took 0,7142 seconds
GeglBuffer* gimp_pickable_contiguous_region_by_line_art(GimpPickable*, GimpLineArt*, gint, gint): watershed line art took 0,0261 seconds
using gegl copy
gimp_line_art_prepare_async_func: close line-art took 0,7479 seconds
GeglBuffer* gimp_pickable_contiguous_region_by_line_art(GimpPickable*, GimpLineArt*, gint, gint): watershed line art took 0,0132 seconds
using gegl copy
gimp_line_art_prepare_async_func: close line-art took 0,8091 seconds
GeglBuffer* gimp_pickable_contiguous_region_by_line_art(GimpPickable*, GimpLineArt*, gint, gint): watershed line art took 0,0244 seconds
using gegl copy
gimp_line_art_prepare_async_func: close line-art took 0,7972 seconds
GeglBuffer* gimp_pickable_contiguous_region_by_line_art(GimpPickable*, GimpLineArt*, gint, gint): watershed line art took 0,0086 seconds
using gegl copy
GeglBuffer* gimp_pickable_contiguous_region_by_line_art(GimpPickable*, GimpLineArt*, gint, gint): watershed line art took 0,0111 seconds
GeglBuffer* gimp_pickable_contiguous_region_by_line_art(GimpPickable*, GimpLineArt*, gint, gint): watershed line art took 0,0104 seconds
GeglBuffer* gimp_pickable_contiguous_region_by_line_art(GimpPickable*, GimpLineArt*, gint, gint): watershed line art took 0,0277 seconds
GeglBuffer* gimp_pickable_contiguous_region_by_line_art(GimpPickable*, GimpLineArt*, gint, gint): watershed line art took 0,0243 seconds
GeglBuffer* gimp_pickable_contiguous_region_by_line_art(GimpPickable*, GimpLineArt*, gint, gint): watershed line art took 0,0250 seconds
GeglBuffer* gimp_pickable_contiguous_region_by_line_art(GimpPickable*, GimpLineArt*, gint, gint): watershed line art took 0,0087 seconds
GeglBuffer* gimp_pickable_contiguous_region_by_line_art(GimpPickable*, GimpLineArt*, gint, gint): watershed line art took 0,0086 seconds
GeglBuffer* gimp_pickable_contiguous_region_by_line_art(GimpPickable*, GimpLineArt*, gint, gint): watershed line art took 0,0082 seconds
GeglBuffer* gimp_pickable_contiguous_region_by_line_art(GimpPickable*, GimpLineArt*, gint, gint): watershed line art took 0,0246 seconds
GeglBuffer* gimp_pickable_contiguous_region_by_line_art(GimpPickable*, GimpLineArt*, gint, gint): watershed line art took 0,0088 seconds
GeglBuffer* gimp_pickable_contiguous_region_by_line_art(GimpPickable*, GimpLineArt*, gint, gint): watershed line art took 0,0217 seconds
GeglBuffer* gimp_pickable_contiguous_region_by_line_art(GimpPickable*, GimpLineArt*, gint, gint): watershed line art took 0,0264 seconds
gimp_line_art_prepare_async_func: close line-art took 0,7766 seconds
using gegl copy
gimp_line_art_prepare_async_func: close line-art took 0,7752 seconds
GeglBuffer* gimp_pickable_contiguous_region_by_line_art(GimpPickable*, GimpLineArt*, gint, gint): watershed line art took 0,0085 seconds
using gegl copy
gimp_line_art_prepare_async_func: close line-art took 0,7869 seconds
gimp_line_art_prepare_async_func: close line-art took 0,1334 seconds
gimp_line_art_prepare_async_func: close line-art took 0,1558 seconds
gimp_line_art_prepare_async_func: close line-art took 0,1880 seconds
gimp_line_art_prepare_async_func: close line-art took 0,1832 seconds
gimp_line_art_prepare_async_func: close line-art took 0,1870 seconds
gimp_line_art_prepare_async_func: close line-art took 0,7029 seconds
gimp_line_art_prepare_async_func: close line-art took 0,5451 seconds
gimp_line_art_prepare_async_func: close line-art took 0,7088 seconds
gimp_line_art_prepare_async_func: close line-art took 0,5019 seconds
gimp_line_art_prepare_async_func: close line-art took 0,7201 seconds
GeglBuffer* gimp_pickable_contiguous_region_by_seed(GimpPickable*, gboolean, gfloat, gboolean, GimpSelectCriterion, gboolean, gint, gint): foo took 0,0230 seconds
using gegl copy
GeglBuffer* gimp_pickable_contiguous_region_by_seed(GimpPickable*, gboolean, gfloat, gboolean, GimpSelectCriterion, gboolean, gint, gint): foo took 0,0241 seconds
using gegl copy
GeglBuffer* gimp_pickable_contiguous_region_by_seed(GimpPickable*, gboolean, gfloat, gboolean, GimpSelectCriterion, gboolean, gint, gint): foo took 0,0237 seconds
using gegl copy
GeglBuffer* gimp_pickable_contiguous_region_by_seed(GimpPickable*, gboolean, gfloat, gboolean, GimpSelectCriterion, gboolean, gint, gint): foo took 0,0618 seconds
using gegl copy
GeglBuffer* gimp_pickable_contiguous_region_by_seed(GimpPickable*, gboolean, gfloat, gboolean, GimpSelectCriterion, gboolean, gint, gint): foo took 0,0004 seconds
using gegl copy
GeglBuffer* gimp_pickable_contiguous_region_by_seed(GimpPickable*, gboolean, gfloat, gboolean, GimpSelectCriterion, gboolean, gint, gint): foo took 0,0006 seconds
using gegl copy
GeglBuffer* gimp_pickable_contiguous_region_by_seed(GimpPickable*, gboolean, gfloat, gboolean, GimpSelectCriterion, gboolean, gint, gint): foo took 0,0004 seconds
using gegl copy
Gtk-Message: 15:34:19.647: Failed to load module "atk-bridge"
Gtk-Message: 15:34:19.647: Failed to load module "appmenu-gtk-module"

(file-png:79100): Gtk-WARNING **: 15:34:19.652: Unable to locate theme engine in module_path: "adwaita",

(file-png:79100): Gtk-WARNING **: 15:34:19.655: Unable to locate theme engine in module_path: "murrine",

(file-png:79100): Gtk-WARNING **: 15:34:19.655: Unable to locate theme engine in module_path: "adwaita",
Gtk-Message: 15:34:19.655: Failed to load module "canberra-gtk-module"
Gtk-Message: 15:34:29.852: Failed to load module "atk-bridge"
Gtk-Message: 15:34:29.852: Failed to load module "appmenu-gtk-module"

(file-png:79174): Gtk-WARNING **: 15:34:29.856: Unable to locate theme engine in module_path: "adwaita",

(file-png:79174): Gtk-WARNING **: 15:34:29.859: Unable to locate theme engine in module_path: "murrine",

(file-png:79174): Gtk-WARNING **: 15:34:29.859: Unable to locate theme engine in module_path: "adwaita",
Gtk-Message: 15:34:29.860: Failed to load module "canberra-gtk-module"
GeglBuffer* gimp_pickable_contiguous_region_by_seed(GimpPickable*, gboolean, gfloat, gboolean, GimpSelectCriterion, gboolean, gint, gint): foo took 0,0569 seconds
using gegl copy
gimp_line_art_prepare_async_func: close line-art took 0,4036 seconds
GeglBuffer* gimp_pickable_contiguous_region_by_line_art(GimpPickable*, GimpLineArt*, gint, gint): watershed line art took 0,0090 seconds
using gegl copy
gimp_line_art_prepare_async_func: close line-art took 0,7424 seconds
GeglBuffer* gimp_pickable_contiguous_region_by_line_art(GimpPickable*, GimpLineArt*, gint, gint): watershed line art took 0,0262 seconds
using gegl copy
gimp_line_art_prepare_async_func: close line-art took 0,7711 seconds
GeglBuffer* gimp_pickable_contiguous_region_by_line_art(GimpPickable*, GimpLineArt*, gint, gint): watershed line art took 0,0179 seconds
using gegl copy
gimp_line_art_prepare_async_func: close line-art took 0,7665 seconds
gimp_line_art_prepare_async_func: close line-art took 0,7237 seconds
GeglBuffer* gimp_pickable_contiguous_region_by_seed(GimpPickable*, gboolean, gfloat, gboolean, GimpSelectCriterion, gboolean, gint, gint): foo took 0,0235 seconds
using gegl copy
GeglBuffer* gimp_pickable_contiguous_region_by_seed(GimpPickable*, gboolean, gfloat, gboolean, GimpSelectCriterion, gboolean, gint, gint): foo took 0,0241 seconds
using gegl copy
GeglBuffer* gimp_pickable_contiguous_region_by_seed(GimpPickable*, gboolean, gfloat, gboolean, GimpSelectCriterion, gboolean, gint, gint): foo took 0,0241 seconds
using gegl copy
GeglBuffer* gimp_pickable_contiguous_region_by_seed(GimpPickable*, gboolean, gfloat, gboolean, GimpSelectCriterion, gboolean, gint, gint): foo took 0,0237 seconds
using gegl copy
GeglBuffer* gimp_pickable_contiguous_region_by_seed(GimpPickable*, gboolean, gfloat, gboolean, GimpSelectCriterion, gboolean, gint, gint): foo took 0,0241 seconds
using gegl copy
GeglBuffer* gimp_pickable_contiguous_region_by_seed(GimpPickable*, gboolean, gfloat, gboolean, GimpSelectCriterion, gboolean, gint, gint): foo took 0,0242 seconds
using gegl copy
gimp_line_art_prepare_async_func: close line-art took 0,7678 seconds
GeglBuffer* gimp_pickable_contiguous_region_by_line_art(GimpPickable*, GimpLineArt*, gint, gint): watershed line art took 0,0143 seconds
using gegl copy
gimp_line_art_prepare_async_func: close line-art took 0,7750 seconds
gimp_line_art_prepare_async_func: close line-art took 0,7491 seconds
gimp_line_art_prepare_async_func: close line-art took 0,0678 seconds
gimp_line_art_prepare_async_func: close line-art took 0,0240 seconds
gimp_line_art_prepare_async_func: close line-art took 0,0158 seconds
gimp_line_art_prepare_async_func: close line-art took 0,0117 seconds
gimp_line_art_prepare_async_func: close line-art took 0,0121 seconds
gimp_line_art_prepare_async_func: close line-art took 0,0110 seconds
gimp_line_art_prepare_async_func: close line-art took 0,0116 seconds
gimp_line_art_prepare_async_func: close line-art took 0,0114 seconds
gimp_line_art_prepare_async_func: close line-art took 0,0113 seconds
gimp_line_art_prepare_async_func: close line-art took 0,0115 seconds
gimp_line_art_prepare_async_func: close line-art took 0,0114 seconds
gimp_line_art_prepare_async_func: close line-art took 0,0115 seconds
gimp_line_art_prepare_async_func: close line-art took 0,0115 seconds
gimp_line_art_prepare_async_func: close line-art took 0,0113 seconds
gimp_line_art_prepare_async_func: close line-art took 0,0115 seconds
gimp_line_art_prepare_async_func: close line-art took 0,0113 seconds
gimp_line_art_prepare_async_func: close line-art took 0,0115 seconds
gimp_line_art_prepare_async_func: close line-art took 0,0113 seconds
gimp_line_art_prepare_async_func: close line-art took 0,0121 seconds
gimp_line_art_prepare_async_func: close line-art took 0,0114 seconds
gimp_line_art_prepare_async_func: close line-art took 0,0114 seconds
gimp_line_art_prepare_async_func: close line-art took 0,0153 seconds
gimp_line_art_prepare_async_func: close line-art took 0,0158 seconds
gimp_line_art_prepare_async_func: close line-art took 0,0158 seconds
gimp_line_art_prepare_async_func: close line-art took 0,0158 seconds
gimp_line_art_prepare_async_func: close line-art took 0,7520 seconds
GeglBuffer* gimp_pickable_contiguous_region_by_line_art(GimpPickable*, GimpLineArt*, gint, gint): watershed line art took 0,0081 seconds
using gegl copy
gimp_line_art_prepare_async_func: close line-art took 0,7143 seconds
gimp_line_art_prepare_async_func: close line-art took 0,7339 seconds
gimp_line_art_prepare_async_func: close line-art took 0,1076 seconds
gimp_line_art_prepare_async_func: close line-art took 0,0321 seconds
gimp_line_art_prepare_async_func: close line-art took 0,0237 seconds
gimp_line_art_prepare_async_func: close line-art took 0,0239 seconds
gimp_line_art_prepare_async_func: close line-art took 0,0159 seconds
gimp_line_art_prepare_async_func: close line-art took 0,7360 seconds
GeglBuffer* gimp_pickable_contiguous_region_by_line_art(GimpPickable*, GimpLineArt*, gint, gint): watershed line art took 0,0081 seconds
using gegl copy
gimp_line_art_prepare_async_func: close line-art took 0,7191 seconds
gimp_line_art_prepare_async_func: close line-art took 0,7475 seconds
GeglBuffer* gimp_pickable_contiguous_region_by_line_art(GimpPickable*, GimpLineArt*, gint, gint): watershed line art took 0,0118 seconds
using gegl copy
gimp_line_art_prepare_async_func: close line-art took 0,7840 seconds
gimp_line_art_prepare_async_func: close line-art took 0,7269 seconds
using gegl copy
gimp_line_art_prepare_async_func: close line-art took 0,7362 seconds
GeglBuffer* gimp_pickable_contiguous_region_by_line_art(GimpPickable*, GimpLineArt*, gint, gint): watershed line art took 0,0133 seconds
using gegl copy
gimp_line_art_prepare_async_func: close line-art took 0,7910 seconds
GeglBuffer* gimp_pickable_contiguous_region_by_line_art(GimpPickable*, GimpLineArt*, gint, gint): watershed line art took 0,0242 seconds
using gegl copy
gimp_line_art_prepare_async_func: close line-art took 0,7882 seconds
GeglBuffer* gimp_pickable_contiguous_region_by_line_art(GimpPickable*, GimpLineArt*, gint, gint): watershed line art took 0,0088 seconds
using gegl copy
gimp_line_art_prepare_async_func: close line-art took 0,7736 seconds
GeglBuffer* gimp_pickable_contiguous_region_by_line_art(GimpPickable*, GimpLineArt*, gint, gint): watershed line art took 0,0243 seconds
using gegl copy
gimp_line_art_prepare_async_func: close line-art took 0,7667 seconds
GeglBuffer* gimp_pickable_contiguous_region_by_line_art(GimpPickable*, GimpLineArt*, gint, gint): watershed line art took 0,0084 seconds
using gegl copy
gimp_line_art_prepare_async_func: close line-art took 0,8099 seconds
GeglBuffer* gimp_pickable_contiguous_region_by_line_art(GimpPickable*, GimpLineArt*, gint, gint): watershed line art took 0,0090 seconds
using gegl copy
gimp_line_art_prepare_async_func: close line-art took 0,7796 seconds
GeglBuffer* gimp_pickable_contiguous_region_by_line_art(GimpPickable*, GimpLineArt*, gint, gint): watershed line art took 0,0079 seconds
using gegl copy
gimp_line_art_prepare_async_func: close line-art took 0,7268 seconds
GeglBuffer* gimp_pickable_contiguous_region_by_line_art(GimpPickable*, GimpLineArt*, gint, gint): watershed line art took 0,0079 seconds
using gegl copy
gimp_line_art_prepare_async_func: close line-art took 0,7661 seconds
gimp_line_art_prepare_async_func: close line-art took 0,3288 seconds
gimp_line_art_prepare_async_func: close line-art took 0,2488 seconds
gimp_line_art_prepare_async_func: close line-art took 0,2065 seconds
gimp_line_art_prepare_async_func: close line-art took 0,1927 seconds
gimp_line_art_prepare_async_func: close line-art took 0,1749 seconds
gimp_line_art_prepare_async_func: close line-art took 0,2011 seconds
gimp_line_art_prepare_async_func: close line-art took 0,1699 seconds
gimp_line_art_prepare_async_func: close line-art took 0,6202 seconds
gimp_line_art_prepare_async_func: close line-art took 0,3339 seconds
gimp_line_art_prepare_async_func: close line-art took 0,3726 seconds
gimp_line_art_prepare_async_func: close line-art took 0,7207 seconds
gimp_line_art_prepare_async_func: close line-art took 0,7190 seconds
gimp_line_art_prepare_async_func: close line-art took 0,7035 seconds
gimp_line_art_prepare_async_func: close line-art took 0,7758 seconds
GeglBuffer* gimp_pickable_contiguous_region_by_line_art(GimpPickable*, GimpLineArt*, gint, gint): watershed line art took 0,0245 seconds
using gegl copy
gimp_line_art_prepare_async_func: close line-art took 0,7846 seconds
GeglBuffer* gimp_pickable_contiguous_region_by_line_art(GimpPickable*, GimpLineArt*, gint, gint): watershed line art took 0,0225 seconds
using gegl copy
gimp_line_art_prepare_async_func: close line-art took 0,7578 seconds
using gegl copy
GeglBuffer* gimp_pickable_contiguous_region_by_line_art(GimpPickable*, GimpLineArt*, gint, gint): watershed line art took 0,0077 seconds
GeglBuffer* gimp_pickable_contiguous_region_by_line_art(GimpPickable*, GimpLineArt*, gint, gint): watershed line art took 0,0077 seconds
GeglBuffer* gimp_pickable_contiguous_region_by_line_art(GimpPickable*, GimpLineArt*, gint, gint): watershed line art took 0,0078 seconds
gimp_line_art_prepare_async_func: close line-art took 0,7406 seconds
using gegl copy
using gegl copy
gimp_line_art_prepare_async_func: close line-art took 0,7287 seconds
using gegl copy
gimp_line_art_prepare_async_func: close line-art took 0,7416 seconds
GeglBuffer* gimp_pickable_contiguous_region_by_line_art(GimpPickable*, GimpLineArt*, gint, gint): watershed line art took 0,0083 seconds
using gegl copy
gimp_line_art_prepare_async_func: close line-art took 0,7334 seconds
GeglBuffer* gimp_pickable_contiguous_region_by_line_art(GimpPickable*, GimpLineArt*, gint, gint): watershed line art took 0,0076 seconds
using gegl copy
gimp_line_art_prepare_async_func: close line-art took 0,7693 seconds
GeglBuffer* gimp_pickable_contiguous_region_by_line_art(GimpPickable*, GimpLineArt*, gint, gint): watershed line art took 0,0237 seconds
using gegl copy
gimp_line_art_prepare_async_func: close line-art took 0,7527 seconds
GeglBuffer* gimp_pickable_contiguous_region_by_line_art(GimpPickable*, GimpLineArt*, gint, gint): watershed line art took 0,0136 seconds
using gegl copy
gimp_line_art_prepare_async_func: close line-art took 0,7273 seconds
GeglBuffer* gimp_pickable_contiguous_region_by_line_art(GimpPickable*, GimpLineArt*, gint, gint): watershed line art took 0,0079 seconds
using gegl copy
gimp_line_art_prepare_async_func: close line-art took 0,7527 seconds
GeglBuffer* gimp_pickable_contiguous_region_by_line_art(GimpPickable*, GimpLineArt*, gint, gint): watershed line art took 0,0264 seconds
using gegl copy
gimp_line_art_prepare_async_func: close line-art took 0,7816 seconds
gimp_line_art_prepare_async_func: close line-art took 0,8186 seconds
GeglBuffer* gimp_pickable_contiguous_region_by_line_art(GimpPickable*, GimpLineArt*, gint, gint): watershed line art took 0,0241 seconds
using gegl copy
gimp_line_art_prepare_async_func: close line-art took 0,7922 seconds
gimp_line_art_prepare_async_func: close line-art took 0,0382 seconds
gimp_line_art_prepare_async_func: close line-art took 0,0149 seconds
gimp_line_art_prepare_async_func: close line-art took 0,0128 seconds
gimp_line_art_prepare_async_func: close line-art took 0,0119 seconds
gimp_line_art_prepare_async_func: close line-art took 0,0117 seconds
gimp_line_art_prepare_async_func: close line-art took 0,0116 seconds
gimp_line_art_prepare_async_func: close line-art took 0,0113 seconds
gimp_line_art_prepare_async_func: close line-art took 0,0114 seconds
gimp_line_art_prepare_async_func: close line-art took 0,0115 seconds
gimp_line_art_prepare_async_func: close line-art took 0,0114 seconds
gimp_line_art_prepare_async_func: close line-art took 0,0117 seconds
gimp_line_art_prepare_async_func: close line-art took 0,0117 seconds
gimp_line_art_prepare_async_func: close line-art took 0,0114 seconds
gimp_line_art_prepare_async_func: close line-art took 0,0114 seconds
gimp_line_art_prepare_async_func: close line-art took 0,0125 seconds
gimp_line_art_prepare_async_func: close line-art took 0,0114 seconds
gimp_line_art_prepare_async_func: close line-art took 0,0113 seconds
gimp_line_art_prepare_async_func: close line-art took 0,0113 seconds
gimp_line_art_prepare_async_func: close line-art took 0,0115 seconds
gimp_line_art_prepare_async_func: close line-art took 0,0111 seconds
gimp_line_art_prepare_async_func: close line-art took 0,0114 seconds
gimp_line_art_prepare_async_func: close line-art took 0,1118 seconds
gimp_line_art_prepare_async_func: close line-art took 0,8015 seconds
GeglBuffer* gimp_pickable_contiguous_region_by_line_art(GimpPickable*, GimpLineArt*, gint, gint): watershed line art took 0,0241 seconds
using gegl copy
gimp_line_art_prepare_async_func: close line-art took 0,7724 seconds
GeglBuffer* gimp_pickable_contiguous_region_by_line_art(GimpPickable*, GimpLineArt*, gint, gint): watershed line art took 0,0083 seconds
using gegl copy
gimp_line_art_prepare_async_func: close line-art took 0,7732 seconds
GeglBuffer* gimp_pickable_contiguous_region_by_line_art(GimpPickable*, GimpLineArt*, gint, gint): watershed line art took 0,0226 seconds
using gegl copy
gimp_line_art_prepare_async_func: close line-art took 0,7579 seconds
GeglBuffer* gimp_pickable_contiguous_region_by_line_art(GimpPickable*, GimpLineArt*, gint, gint): watershed line art took 0,0247 seconds
using gegl copy
gimp_line_art_prepare_async_func: close line-art took 0,7728 seconds
GeglBuffer* gimp_pickable_contiguous_region_by_line_art(GimpPickable*, GimpLineArt*, gint, gint): watershed line art took 0,0235 seconds
using gegl copy
gimp_line_art_prepare_async_func: close line-art took 0,7830 seconds
GeglBuffer* gimp_pickable_contiguous_region_by_line_art(GimpPickable*, GimpLineArt*, gint, gint): watershed line art took 0,0235 seconds
using gegl copy
gimp_line_art_prepare_async_func: close line-art took 0,7790 seconds
GeglBuffer* gimp_pickable_contiguous_region_by_line_art(GimpPickable*, GimpLineArt*, gint, gint): watershed line art took 0,0086 seconds
using gegl copy
gimp_line_art_prepare_async_func: close line-art took 0,7997 seconds
GeglBuffer* gimp_pickable_contiguous_region_by_line_art(GimpPickable*, GimpLineArt*, gint, gint): watershed line art took 0,0208 seconds
using gegl copy
gimp_line_art_prepare_async_func: close line-art took 0,7684 seconds
GeglBuffer* gimp_pickable_contiguous_region_by_line_art(GimpPickable*, GimpLineArt*, gint, gint): watershed line art took 0,0084 seconds
using gegl copy
gimp_line_art_prepare_async_func: close line-art took 0,7665 seconds
GeglBuffer* gimp_pickable_contiguous_region_by_line_art(GimpPickable*, GimpLineArt*, gint, gint): watershed line art took 0,0218 seconds
using gegl copy
gimp_line_art_prepare_async_func: close line-art took 0,7665 seconds
GeglBuffer* gimp_pickable_contiguous_region_by_line_art(GimpPickable*, GimpLineArt*, gint, gint): watershed line art took 0,0081 seconds
using gegl copy
gimp_line_art_prepare_async_func: close line-art took 0,7394 seconds
GeglBuffer* gimp_pickable_contiguous_region_by_line_art(GimpPickable*, GimpLineArt*, gint, gint): watershed line art took 0,0076 seconds
using gegl copy
gimp_line_art_prepare_async_func: close line-art took 0,7348 seconds
GeglBuffer* gimp_pickable_contiguous_region_by_line_art(GimpPickable*, GimpLineArt*, gint, gint): watershed line art took 0,0085 seconds
using gegl copy
gimp_line_art_prepare_async_func: close line-art took 0,7404 seconds
GeglBuffer* gimp_pickable_contiguous_region_by_line_art(GimpPickable*, GimpLineArt*, gint, gint): watershed line art took 0,0221 seconds
using gegl copy
gimp_line_art_prepare_async_func: close line-art took 0,7990 seconds
GeglBuffer* gimp_pickable_contiguous_region_by_line_art(GimpPickable*, GimpLineArt*, gint, gint): watershed line art took 0,0210 seconds
using gegl copy
gimp_line_art_prepare_async_func: close line-art took 0,7927 seconds
GeglBuffer* gimp_pickable_contiguous_region_by_line_art(GimpPickable*, GimpLineArt*, gint, gint): watershed line art took 0,0236 seconds
using gegl copy
gimp_line_art_prepare_async_func: close line-art took 0,7672 seconds
GeglBuffer* gimp_pickable_contiguous_region_by_line_art(GimpPickable*, GimpLineArt*, gint, gint): watershed line art took 0,0085 seconds
using gegl copy
gimp_line_art_prepare_async_func: close line-art took 0,7833 seconds
GeglBuffer* gimp_pickable_contiguous_region_by_line_art(GimpPickable*, GimpLineArt*, gint, gint): watershed line art took 0,0084 seconds
using gegl copy
GeglBuffer* gimp_pickable_contiguous_region_by_line_art(GimpPickable*, GimpLineArt*, gint, gint): watershed line art took 0,0079 seconds
using gegl copy
gimp_line_art_prepare_async_func: close line-art took 0,7920 seconds
GeglBuffer* gimp_pickable_contiguous_region_by_line_art(GimpPickable*, GimpLineArt*, gint, gint): watershed line art took 0,0093 seconds
using gegl copy
gimp_line_art_prepare_async_func: close line-art took 0,7889 seconds
GeglBuffer* gimp_pickable_contiguous_region_by_line_art(GimpPickable*, GimpLineArt*, gint, gint): watershed line art took 0,0075 seconds
using gegl copy
gimp_line_art_prepare_async_func: close line-art took 0,7709 seconds
GeglBuffer* gimp_pickable_contiguous_region_by_line_art(GimpPickable*, GimpLineArt*, gint, gint): watershed line art took 0,0235 seconds
using gegl copy
gimp_line_art_prepare_async_func: close line-art took 0,8074 seconds
GeglBuffer* gimp_pickable_contiguous_region_by_line_art(GimpPickable*, GimpLineArt*, gint, gint): watershed line art took 0,0087 seconds
using gegl copy
gimp_line_art_prepare_async_func: close line-art took 0,7781 seconds
GeglBuffer* gimp_pickable_contiguous_region_by_line_art(GimpPickable*, GimpLineArt*, gint, gint): watershed line art took 0,0081 seconds
using gegl copy
gimp_line_art_prepare_async_func: close line-art took 0,7600 seconds
GeglBuffer* gimp_pickable_contiguous_region_by_line_art(GimpPickable*, GimpLineArt*, gint, gint): watershed line art took 0,0081 seconds
using gegl copy
gimp_line_art_prepare_async_func: close line-art took 0,7684 seconds
using gegl copy
gimp_line_art_prepare_async_func: close line-art took 0,7775 seconds
GeglBuffer* gimp_pickable_contiguous_region_by_line_art(GimpPickable*, GimpLineArt*, gint, gint): watershed line art took 0,0084 seconds
using gegl copy
gimp_line_art_prepare_async_func: close line-art took 0,8031 seconds
GeglBuffer* gimp_pickable_contiguous_region_by_line_art(GimpPickable*, GimpLineArt*, gint, gint): watershed line art took 0,0097 seconds
using gegl copy
gimp_line_art_prepare_async_func: close line-art took 0,7780 seconds
GeglBuffer* gimp_pickable_contiguous_region_by_line_art(GimpPickable*, GimpLineArt*, gint, gint): watershed line art took 0,0119 seconds
using gegl copy
gimp_line_art_prepare_async_func: close line-art took 0,7679 seconds
GeglBuffer* gimp_pickable_contiguous_region_by_line_art(GimpPickable*, GimpLineArt*, gint, gint): watershed line art took 0,0091 seconds
using gegl copy
gimp_line_art_prepare_async_func: close line-art took 0,7539 seconds
GeglBuffer* gimp_pickable_contiguous_region_by_line_art(GimpPickable*, GimpLineArt*, gint, gint): watershed line art took 0,0076 seconds
using gegl copy
gimp_line_art_prepare_async_func: close line-art took 0,7494 seconds
GeglBuffer* gimp_pickable_contiguous_region_by_line_art(GimpPickable*, GimpLineArt*, gint, gint): watershed line art took 0,0079 seconds
using gegl copy
gimp_line_art_prepare_async_func: close line-art took 0,7406 seconds
GeglBuffer* gimp_pickable_contiguous_region_by_line_art(GimpPickable*, GimpLineArt*, gint, gint): watershed line art took 0,0078 seconds
using gegl copy
gimp_line_art_prepare_async_func: close line-art took 0,7525 seconds
GeglBuffer* gimp_pickable_contiguous_region_by_line_art(GimpPickable*, GimpLineArt*, gint, gint): watershed line art took 0,0084 seconds
using gegl copy
gimp_line_art_prepare_async_func: close line-art took 0,7688 seconds
GeglBuffer* gimp_pickable_contiguous_region_by_line_art(GimpPickable*, GimpLineArt*, gint, gint): watershed line art took 0,0077 seconds
using gegl copy
gimp_line_art_prepare_async_func: close line-art took 0,8025 seconds
GeglBuffer* gimp_pickable_contiguous_region_by_line_art(GimpPickable*, GimpLineArt*, gint, gint): watershed line art took 0,0079 seconds
using gegl copy
gimp_line_art_prepare_async_func: close line-art took 0,7761 seconds
GeglBuffer* gimp_pickable_contiguous_region_by_line_art(GimpPickable*, GimpLineArt*, gint, gint): watershed line art took 0,0086 seconds
using gegl copy
gimp_line_art_prepare_async_func: close line-art took 0,7678 seconds
GeglBuffer* gimp_pickable_contiguous_region_by_line_art(GimpPickable*, GimpLineArt*, gint, gint): watershed line art took 0,0083 seconds
using gegl copy
gimp_line_art_prepare_async_func: close line-art took 0,7941 seconds
GeglBuffer* gimp_pickable_contiguous_region_by_line_art(GimpPickable*, GimpLineArt*, gint, gint): watershed line art took 0,0079 seconds
using gegl copy
gimp_line_art_prepare_async_func: close line-art took 0,7658 seconds
GeglBuffer* gimp_pickable_contiguous_region_by_line_art(GimpPickable*, GimpLineArt*, gint, gint): watershed line art took 0,0084 seconds
using gegl copy
gimp_line_art_prepare_async_func: close line-art took 0,7658 seconds
GeglBuffer* gimp_pickable_contiguous_region_by_line_art(GimpPickable*, GimpLineArt*, gint, gint): watershed line art took 0,0084 seconds
using gegl copy
gimp_line_art_prepare_async_func: close line-art took 0,7467 seconds
GeglBuffer* gimp_pickable_contiguous_region_by_line_art(GimpPickable*, GimpLineArt*, gint, gint): watershed line art took 0,0082 seconds
using gegl copy
gimp_line_art_prepare_async_func: close line-art took 0,7573 seconds
using gegl copy
GeglBuffer* gimp_pickable_contiguous_region_by_line_art(GimpPickable*, GimpLineArt*, gint, gint): watershed line art took 0,0102 seconds
using gegl copy
gimp_line_art_prepare_async_func: close line-art took 0,7875 seconds
GeglBuffer* gimp_pickable_contiguous_region_by_line_art(GimpPickable*, GimpLineArt*, gint, gint): watershed line art took 0,0086 seconds
using gegl copy
gimp_line_art_prepare_async_func: close line-art took 0,7794 seconds
GeglBuffer* gimp_pickable_contiguous_region_by_line_art(GimpPickable*, GimpLineArt*, gint, gint): watershed line art took 0,0247 seconds
using gegl copy
gimp_line_art_prepare_async_func: close line-art took 0,8029 seconds
GeglBuffer* gimp_pickable_contiguous_region_by_line_art(GimpPickable*, GimpLineArt*, gint, gint): watershed line art took 0,0090 seconds
using gegl copy
gimp_line_art_prepare_async_func: close line-art took 0,7793 seconds
GeglBuffer* gimp_pickable_contiguous_region_by_line_art(GimpPickable*, GimpLineArt*, gint, gint): watershed line art took 0,0077 seconds
using gegl copy
gimp_line_art_prepare_async_func: close line-art took 0,7717 seconds
GeglBuffer* gimp_pickable_contiguous_region_by_line_art(GimpPickable*, GimpLineArt*, gint, gint): watershed line art took 0,0083 seconds
using gegl copy
gimp_line_art_prepare_async_func: close line-art took 0,7794 seconds
GeglBuffer* gimp_pickable_contiguous_region_by_line_art(GimpPickable*, GimpLineArt*, gint, gint): watershed line art took 0,0078 seconds
using gegl copy
gimp_line_art_prepare_async_func: close line-art took 0,7582 seconds
GeglBuffer* gimp_pickable_contiguous_region_by_line_art(GimpPickable*, GimpLineArt*, gint, gint): watershed line art took 0,0081 seconds
using gegl copy
gimp_line_art_prepare_async_func: close line-art took 0,7639 seconds
GeglBuffer* gimp_pickable_contiguous_region_by_line_art(GimpPickable*, GimpLineArt*, gint, gint): watershed line art took 0,0081 seconds
using gegl copy
gimp_line_art_prepare_async_func: close line-art took 0,7678 seconds
GeglBuffer* gimp_pickable_contiguous_region_by_line_art(GimpPickable*, GimpLineArt*, gint, gint): watershed line art took 0,0225 seconds
using gegl copy
gimp_line_art_prepare_async_func: close line-art took 0,7834 seconds
gimp_line_art_prepare_async_func: close line-art took 0,8075 seconds
gimp_line_art_prepare_async_func: close line-art took 0,2196 seconds
gimp_line_art_prepare_async_func: close line-art took 0,0159 seconds
gimp_line_art_prepare_async_func: close line-art took 0,0116 seconds
gimp_line_art_prepare_async_func: close line-art took 0,0113 seconds
gimp_line_art_prepare_async_func: close line-art took 0,0117 seconds
gimp_line_art_prepare_async_func: close line-art took 0,0116 seconds
gimp_line_art_prepare_async_func: close line-art took 0,0119 seconds
gimp_line_art_prepare_async_func: close line-art took 0,0110 seconds
gimp_line_art_prepare_async_func: close line-art took 0,0112 seconds
gimp_line_art_prepare_async_func: close line-art took 0,7948 seconds
GeglBuffer* gimp_pickable_contiguous_region_by_line_art(GimpPickable*, GimpLineArt*, gint, gint): watershed line art took 0,0245 seconds
using gegl copy
gimp_line_art_prepare_async_func: close line-art took 0,8035 seconds
GeglBuffer* gimp_pickable_contiguous_region_by_line_art(GimpPickable*, GimpLineArt*, gint, gint): watershed line art took 0,0081 seconds
using gegl copy
gimp_line_art_prepare_async_func: close line-art took 0,7908 seconds
GeglBuffer* gimp_pickable_contiguous_region_by_line_art(GimpPickable*, GimpLineArt*, gint, gint): watershed line art took 0,0078 seconds
using gegl copy
gimp_line_art_prepare_async_func: close line-art took 0,7711 seconds
GeglBuffer* gimp_pickable_contiguous_region_by_line_art(GimpPickable*, GimpLineArt*, gint, gint): watershed line art took 0,0082 seconds
using gegl copy
gimp_line_art_prepare_async_func: close line-art took 0,7998 seconds
GeglBuffer* gimp_pickable_contiguous_region_by_line_art(GimpPickable*, GimpLineArt*, gint, gint): watershed line art took 0,0076 seconds
using gegl copy
gimp_line_art_prepare_async_func: close line-art took 0,7864 seconds
GeglBuffer* gimp_pickable_contiguous_region_by_line_art(GimpPickable*, GimpLineArt*, gint, gint): watershed line art took 0,0082 seconds
using gegl copy
gimp_line_art_prepare_async_func: close line-art took 0,7678 seconds
GeglBuffer* gimp_pickable_contiguous_region_by_line_art(GimpPickable*, GimpLineArt*, gint, gint): watershed line art took 0,0075 seconds
using gegl copy
gimp_line_art_prepare_async_func: close line-art took 0,8043 seconds
GeglBuffer* gimp_pickable_contiguous_region_by_line_art(GimpPickable*, GimpLineArt*, gint, gint): watershed line art took 0,0155 seconds
using gegl copy
gimp_line_art_prepare_async_func: close line-art took 0,8699 seconds
GeglBuffer* gimp_pickable_contiguous_region_by_line_art(GimpPickable*, GimpLineArt*, gint, gint): watershed line art took 0,0127 seconds
using gegl copy
gimp_line_art_prepare_async_func: close line-art took 0,7922 seconds
GeglBuffer* gimp_pickable_contiguous_region_by_line_art(GimpPickable*, GimpLineArt*, gint, gint): watershed line art took 0,0233 seconds
using gegl copy
gimp_line_art_prepare_async_func: close line-art took 0,7710 seconds
GeglBuffer* gimp_pickable_contiguous_region_by_line_art(GimpPickable*, GimpLineArt*, gint, gint): watershed line art took 0,0128 seconds
using gegl copy
gimp_line_art_prepare_async_func: close line-art took 0,7865 seconds
GeglBuffer* gimp_pickable_contiguous_region_by_line_art(GimpPickable*, GimpLineArt*, gint, gint): watershed line art took 0,0080 seconds
using gegl copy
gimp_line_art_prepare_async_func: close line-art took 0,7633 seconds
GeglBuffer* gimp_pickable_contiguous_region_by_line_art(GimpPickable*, GimpLineArt*, gint, gint): watershed line art took 0,0075 seconds
using gegl copy
gimp_line_art_prepare_async_func: close line-art took 0,7989 seconds
GeglBuffer* gimp_pickable_contiguous_region_by_line_art(GimpPickable*, GimpLineArt*, gint, gint): watershed line art took 0,0236 seconds
using gegl copy
gimp_line_art_prepare_async_func: close line-art took 0,8183 seconds
using gegl copy
GeglBuffer* gimp_pickable_contiguous_region_by_line_art(GimpPickable*, GimpLineArt*, gint, gint): watershed line art took 0,0110 seconds
gimp_line_art_prepare_async_func: close line-art took 0,8319 seconds
GeglBuffer* gimp_pickable_contiguous_region_by_line_art(GimpPickable*, GimpLineArt*, gint, gint): watershed line art took 0,0080 seconds
using gegl copy
gimp_line_art_prepare_async_func: close line-art took 0,8095 seconds
GeglBuffer* gimp_pickable_contiguous_region_by_line_art(GimpPickable*, GimpLineArt*, gint, gint): watershed line art took 0,0084 seconds
using gegl copy
gimp_line_art_prepare_async_func: close line-art took 0,8151 seconds
GeglBuffer* gimp_pickable_contiguous_region_by_line_art(GimpPickable*, GimpLineArt*, gint, gint): watershed line art took 0,0254 seconds
using gegl copy
gimp_line_art_prepare_async_func: close line-art took 0,8271 seconds
gimp_line_art_prepare_async_func: close line-art took 0,2175 seconds
gimp_line_art_prepare_async_func: close line-art took 0,2238 seconds
gimp_line_art_prepare_async_func: close line-art took 0,4984 seconds
gimp_line_art_prepare_async_func: close line-art took 0,0330 seconds
gimp_line_art_prepare_async_func: close line-art took 0,0358 seconds
gimp_line_art_prepare_async_func: close line-art took 0,0530 seconds
gimp_line_art_prepare_async_func: close line-art took 0,2766 seconds
gimp_line_art_prepare_async_func: close line-art took 0,4985 seconds
gimp_line_art_prepare_async_func: close line-art took 0,0328 seconds
gimp_line_art_prepare_async_func: close line-art took 0,0338 seconds
gimp_line_art_prepare_async_func: close line-art took 0,0359 seconds
gimp_line_art_prepare_async_func: close line-art took 0,0610 seconds
gimp_line_art_prepare_async_func: close line-art took 0,0513 seconds
gimp_line_art_prepare_async_func: close line-art took 0,0339 seconds
gimp_line_art_prepare_async_func: close line-art took 0,0551 seconds
gimp_line_art_prepare_async_func: close line-art took 0,0350 seconds
gimp_line_art_prepare_async_func: close line-art took 0,0358 seconds
gimp_line_art_prepare_async_func: close line-art took 0,0864 seconds
gimp_line_art_prepare_async_func: close line-art took 0,0511 seconds
gimp_line_art_prepare_async_func: close line-art took 0,0370 seconds
gimp_line_art_prepare_async_func: close line-art took 0,0355 seconds
gimp_line_art_prepare_async_func: close line-art took 0,0562 seconds
gimp_line_art_prepare_async_func: close line-art took 0,0522 seconds
gimp_line_art_prepare_async_func: close line-art took 0,0396 seconds
gimp_line_art_prepare_async_func: close line-art took 0,0579 seconds
gimp_line_art_prepare_async_func: close line-art took 0,0360 seconds
gimp_line_art_prepare_async_func: close line-art took 0,0516 seconds
gimp_line_art_prepare_async_func: close line-art took 0,0361 seconds
gimp_line_art_prepare_async_func: close line-art took 0,0798 seconds
gimp_line_art_prepare_async_func: close line-art took 0,0354 seconds
gimp_line_art_prepare_async_func: close line-art took 0,0370 seconds
gimp_line_art_prepare_async_func: close line-art took 0,0514 seconds
gimp_line_art_prepare_async_func: close line-art took 0,0376 seconds
gimp_line_art_prepare_async_func: close line-art took 0,0540 seconds
gimp_line_art_prepare_async_func: close line-art took 0,0361 seconds
gimp_line_art_prepare_async_func: close line-art took 0,0531 seconds
gimp_line_art_prepare_async_func: close line-art took 0,0377 seconds
gimp_line_art_prepare_async_func: close line-art took 0,0884 seconds
gimp_line_art_prepare_async_func: close line-art took 0,0535 seconds
gimp_line_art_prepare_async_func: close line-art took 0,0375 seconds
gimp_line_art_prepare_async_func: close line-art took 0,0579 seconds
gimp_line_art_prepare_async_func: close line-art took 0,0615 seconds
gimp_line_art_prepare_async_func: close line-art took 0,0558 seconds
gimp_line_art_prepare_async_func: close line-art took 0,0390 seconds
gimp_line_art_prepare_async_func: close line-art took 0,0586 seconds
gimp_line_art_prepare_async_func: close line-art took 0,0533 seconds
gimp_line_art_prepare_async_func: close line-art took 0,0388 seconds
gimp_line_art_prepare_async_func: close line-art took 0,0551 seconds
gimp_line_art_prepare_async_func: close line-art took 0,0541 seconds
gimp_line_art_prepare_async_func: close line-art took 0,0709 seconds
gimp_line_art_prepare_async_func: close line-art took 0,0300 seconds
gimp_line_art_prepare_async_func: close line-art took 0,0552 seconds
gimp_line_art_prepare_async_func: close line-art took 0,0366 seconds
gimp_line_art_prepare_async_func: close line-art took 0,0586 seconds
gimp_line_art_prepare_async_func: close line-art took 0,0573 seconds
gimp_line_art_prepare_async_func: close line-art took 0,4311 seconds
gimp_line_art_prepare_async_func: close line-art took 0,3920 seconds
gimp_line_art_prepare_async_func: close line-art took 0,4581 seconds
gimp_line_art_prepare_async_func: close line-art took 0,0343 seconds
gimp_line_art_prepare_async_func: close line-art took 0,2796 seconds
gimp_line_art_prepare_async_func: close line-art took 0,7536 seconds
gimp_line_art_prepare_async_func: close line-art took 0,7423 seconds
GeglBuffer* gimp_pickable_contiguous_region_by_line_art(GimpPickable*, GimpLineArt*, gint, gint): watershed line art took 0,0229 seconds
using gegl copy
gimp_line_art_prepare_async_func: close line-art took 0,7795 seconds
GeglBuffer* gimp_pickable_contiguous_region_by_line_art(GimpPickable*, GimpLineArt*, gint, gint): watershed line art took 0,0083 seconds
using gegl copy
gimp_line_art_prepare_async_func: close line-art took 0,7627 seconds
GeglBuffer* gimp_pickable_contiguous_region_by_line_art(GimpPickable*, GimpLineArt*, gint, gint): watershed line art took 0,0076 seconds
using gegl copy
gimp_line_art_prepare_async_func: close line-art took 0,7691 seconds
GeglBuffer* gimp_pickable_contiguous_region_by_line_art(GimpPickable*, GimpLineArt*, gint, gint): watershed line art took 0,0224 seconds
using gegl copy
gimp_line_art_prepare_async_func: close line-art took 0,7949 seconds
GeglBuffer* gimp_pickable_contiguous_region_by_line_art(GimpPickable*, GimpLineArt*, gint, gint): watershed line art took 0,0175 seconds
using gegl copy
gimp_line_art_prepare_async_func: close line-art took 0,8270 seconds
GeglBuffer* gimp_pickable_contiguous_region_by_line_art(GimpPickable*, GimpLineArt*, gint, gint): watershed line art took 0,0159 seconds
using gegl copy
gimp_line_art_prepare_async_func: close line-art took 0,7607 seconds
GeglBuffer* gimp_pickable_contiguous_region_by_line_art(GimpPickable*, GimpLineArt*, gint, gint): watershed line art took 0,0080 seconds
using gegl copy
GeglBuffer* gimp_pickable_contiguous_region_by_line_art(GimpPickable*, GimpLineArt*, gint, gint): watershed line art took 0,0078 seconds
using gegl copy
GeglBuffer* gimp_pickable_contiguous_region_by_line_art(GimpPickable*, GimpLineArt*, gint, gint): watershed line art took 0,0079 seconds
GeglBuffer* gimp_pickable_contiguous_region_by_line_art(GimpPickable*, GimpLineArt*, gint, gint): watershed line art took 0,0079 seconds
gimp_line_art_prepare_async_func: close line-art took 0,7023 seconds
GeglBuffer* gimp_pickable_contiguous_region_by_line_art(GimpPickable*, GimpLineArt*, gint, gint): watershed line art took 0,0079 seconds
using gegl copy
gimp_line_art_prepare_async_func: close line-art took 0,7187 seconds
using gegl copy
GeglBuffer* gimp_pickable_contiguous_region_by_line_art(GimpPickable*, GimpLineArt*, gint, gint): watershed line art took 0,0076 seconds
using gegl copy
gimp_line_art_prepare_async_func: close line-art took 0,7610 seconds
GeglBuffer* gimp_pickable_contiguous_region_by_line_art(GimpPickable*, GimpLineArt*, gint, gint): watershed line art took 0,0075 seconds
using gegl copy
gimp_line_art_prepare_async_func: close line-art took 0,7296 seconds
GeglBuffer* gimp_pickable_contiguous_region_by_line_art(GimpPickable*, GimpLineArt*, gint, gint): watershed line art took 0,0079 seconds
using gegl copy
gimp_line_art_prepare_async_func: close line-art took 0,7231 seconds
GeglBuffer* gimp_pickable_contiguous_region_by_line_art(GimpPickable*, GimpLineArt*, gint, gint): watershed line art took 0,0080 seconds
using gegl copy
gimp_line_art_prepare_async_func: close line-art took 0,7401 seconds
GeglBuffer* gimp_pickable_contiguous_region_by_line_art(GimpPickable*, GimpLineArt*, gint, gint): watershed line art took 0,0079 seconds
using gegl copy
gimp_line_art_prepare_async_func: close line-art took 0,7471 seconds
GeglBuffer* gimp_pickable_contiguous_region_by_line_art(GimpPickable*, GimpLineArt*, gint, gint): watershed line art took 0,0078 seconds
using gegl copy
gimp_line_art_prepare_async_func: close line-art took 0,7791 seconds
GeglBuffer* gimp_pickable_contiguous_region_by_line_art(GimpPickable*, GimpLineArt*, gint, gint): watershed line art took 0,0077 seconds
using gegl copy
gimp_line_art_prepare_async_func: close line-art took 0,7625 seconds
GeglBuffer* gimp_pickable_contiguous_region_by_line_art(GimpPickable*, GimpLineArt*, gint, gint): watershed line art took 0,0076 seconds
using gegl copy
gimp_line_art_prepare_async_func: close line-art took 0,7917 seconds
GeglBuffer* gimp_pickable_contiguous_region_by_line_art(GimpPickable*, GimpLineArt*, gint, gint): watershed line art took 0,0081 seconds
using gegl copy
gimp_line_art_prepare_async_func: close line-art took 0,7511 seconds
GeglBuffer* gimp_pickable_contiguous_region_by_line_art(GimpPickable*, GimpLineArt*, gint, gint): watershed line art took 0,0236 seconds
using gegl copy
gimp_line_art_prepare_async_func: close line-art took 0,8860 seconds
GeglBuffer* gimp_pickable_contiguous_region_by_line_art(GimpPickable*, GimpLineArt*, gint, gint): watershed line art took 0,0091 seconds
using gegl copy
gimp_line_art_prepare_async_func: close line-art took 0,7678 seconds
GeglBuffer* gimp_pickable_contiguous_region_by_line_art(GimpPickable*, GimpLineArt*, gint, gint): watershed line art took 0,0077 seconds
using gegl copy
gimp_line_art_prepare_async_func: close line-art took 0,7683 seconds
GeglBuffer* gimp_pickable_contiguous_region_by_line_art(GimpPickable*, GimpLineArt*, gint, gint): watershed line art took 0,0225 seconds
using gegl copy
gimp_line_art_prepare_async_func: close line-art took 0,7672 seconds
GeglBuffer* gimp_pickable_contiguous_region_by_line_art(GimpPickable*, GimpLineArt*, gint, gint): watershed line art took 0,0128 seconds
using gegl copy
gimp_line_art_prepare_async_func: close line-art took 0,7580 seconds
GeglBuffer* gimp_pickable_contiguous_region_by_line_art(GimpPickable*, GimpLineArt*, gint, gint): watershed line art took 0,0079 seconds
using gegl copy
gimp_line_art_prepare_async_func: close line-art took 0,7833 seconds
GeglBuffer* gimp_pickable_contiguous_region_by_line_art(GimpPickable*, GimpLineArt*, gint, gint): watershed line art took 0,0250 seconds
using gegl copy
gimp_line_art_prepare_async_func: close line-art took 0,8059 seconds
gimp_line_art_prepare_async_func: close line-art took 0,8029 seconds
GeglBuffer* gimp_pickable_contiguous_region_by_seed(GimpPickable*, gboolean, gfloat, gboolean, GimpSelectCriterion, gboolean, gint, gint): foo took 0,0094 seconds
using gegl copy
GeglBuffer* gimp_pickable_contiguous_region_by_seed(GimpPickable*, gboolean, gfloat, gboolean, GimpSelectCriterion, gboolean, gint, gint): foo took 0,0084 seconds
using gegl copy
GeglBuffer* gimp_pickable_contiguous_region_by_seed(GimpPickable*, gboolean, gfloat, gboolean, GimpSelectCriterion, gboolean, gint, gint): foo took 0,0097 seconds
using gegl copy
GeglBuffer* gimp_pickable_contiguous_region_by_seed(GimpPickable*, gboolean, gfloat, gboolean, GimpSelectCriterion, gboolean, gint, gint): foo took 0,0100 seconds
using gegl copy
GeglBuffer* gimp_pickable_contiguous_region_by_seed(GimpPickable*, gboolean, gfloat, gboolean, GimpSelectCriterion, gboolean, gint, gint): foo took 0,0090 seconds
using gegl copy
GeglBuffer* gimp_pickable_contiguous_region_by_seed(GimpPickable*, gboolean, gfloat, gboolean, GimpSelectCriterion, gboolean, gint, gint): foo took 0,0087 seconds
using gegl copy
GeglBuffer* gimp_pickable_contiguous_region_by_seed(GimpPickable*, gboolean, gfloat, gboolean, GimpSelectCriterion, gboolean, gint, gint): foo took 0,0083 seconds
using gegl copy
GeglBuffer* gimp_pickable_contiguous_region_by_seed(GimpPickable*, gboolean, gfloat, gboolean, GimpSelectCriterion, gboolean, gint, gint): foo took 0,0085 seconds
using gegl copy
GeglBuffer* gimp_pickable_contiguous_region_by_seed(GimpPickable*, gboolean, gfloat, gboolean, GimpSelectCriterion, gboolean, gint, gint): foo took 0,0095 seconds
using gegl copy
GeglBuffer* gimp_pickable_contiguous_region_by_seed(GimpPickable*, gboolean, gfloat, gboolean, GimpSelectCriterion, gboolean, gint, gint): foo took 0,0097 seconds
using gegl copy
GeglBuffer* gimp_pickable_contiguous_region_by_seed(GimpPickable*, gboolean, gfloat, gboolean, GimpSelectCriterion, gboolean, gint, gint): foo took 0,0100 seconds
using gegl copy
GeglBuffer* gimp_pickable_contiguous_region_by_seed(GimpPickable*, gboolean, gfloat, gboolean, GimpSelectCriterion, gboolean, gint, gint): foo took 0,0092 seconds
using gegl copy
GeglBuffer* gimp_pickable_contiguous_region_by_seed(GimpPickable*, gboolean, gfloat, gboolean, GimpSelectCriterion, gboolean, gint, gint): foo took 0,0010 seconds
using gegl copy
GeglBuffer* gimp_pickable_contiguous_region_by_seed(GimpPickable*, gboolean, gfloat, gboolean, GimpSelectCriterion, gboolean, gint, gint): foo took 0,0015 seconds
using gegl copy
GeglBuffer* gimp_pickable_contiguous_region_by_seed(GimpPickable*, gboolean, gfloat, gboolean, GimpSelectCriterion, gboolean, gint, gint): foo took 0,0013 seconds
using gegl copy
GeglBuffer* gimp_pickable_contiguous_region_by_seed(GimpPickable*, gboolean, gfloat, gboolean, GimpSelectCriterion, gboolean, gint, gint): foo took 0,0015 seconds
using gegl copy
GeglBuffer* gimp_pickable_contiguous_region_by_seed(GimpPickable*, gboolean, gfloat, gboolean, GimpSelectCriterion, gboolean, gint, gint): foo took 0,0006 seconds
using gegl copy
GeglBuffer* gimp_pickable_contiguous_region_by_seed(GimpPickable*, gboolean, gfloat, gboolean, GimpSelectCriterion, gboolean, gint, gint): foo took 0,0002 seconds
using gegl copy
GeglBuffer* gimp_pickable_contiguous_region_by_seed(GimpPickable*, gboolean, gfloat, gboolean, GimpSelectCriterion, gboolean, gint, gint): foo took 0,0001 seconds
using gegl copy
GeglBuffer* gimp_pickable_contiguous_region_by_seed(GimpPickable*, gboolean, gfloat, gboolean, GimpSelectCriterion, gboolean, gint, gint): foo took 0,0032 seconds
using gegl copy
GeglBuffer* gimp_pickable_contiguous_region_by_seed(GimpPickable*, gboolean, gfloat, gboolean, GimpSelectCriterion, gboolean, gint, gint): foo took 0,0639 seconds
using gegl copy
GeglBuffer* gimp_pickable_contiguous_region_by_seed(GimpPickable*, gboolean, gfloat, gboolean, GimpSelectCriterion, gboolean, gint, gint): foo took 0,0004 seconds
using gegl copy
GeglBuffer* gimp_pickable_contiguous_region_by_seed(GimpPickable*, gboolean, gfloat, gboolean, GimpSelectCriterion, gboolean, gint, gint): foo took 0,0005 seconds
using gegl copy
GeglBuffer* gimp_pickable_contiguous_region_by_seed(GimpPickable*, gboolean, gfloat, gboolean, GimpSelectCriterion, gboolean, gint, gint): foo took 0,0004 seconds
using gegl copy
Gtk-Message: 15:40:13.394: Failed to load module "atk-bridge"
Gtk-Message: 15:40:13.395: Failed to load module "appmenu-gtk-module"

(file-png:80387): Gtk-WARNING **: 15:40:13.399: Unable to locate theme engine in module_path: "adwaita",

(file-png:80387): Gtk-WARNING **: 15:40:13.402: Unable to locate theme engine in module_path: "murrine",

(file-png:80387): Gtk-WARNING **: 15:40:13.402: Unable to locate theme engine in module_path: "adwaita",
Gtk-Message: 15:40:13.403: Failed to load module "canberra-gtk-module"
Gtk-Message: 15:40:25.726: Failed to load module "atk-bridge"
Gtk-Message: 15:40:25.727: Failed to load module "appmenu-gtk-module"

(file-png:80462): Gtk-WARNING **: 15:40:25.731: Unable to locate theme engine in module_path: "adwaita",

(file-png:80462): Gtk-WARNING **: 15:40:25.734: Unable to locate theme engine in module_path: "murrine",

(file-png:80462): Gtk-WARNING **: 15:40:25.734: Unable to locate theme engine in module_path: "adwaita",
Gtk-Message: 15:40:25.734: Failed to load module "canberra-gtk-module"
GeglBuffer* gimp_pickable_contiguous_region_by_seed(GimpPickable*, gboolean, gfloat, gboolean, GimpSelectCriterion, gboolean, gint, gint): foo took 0,0228 seconds
using gegl copy
GeglBuffer* gimp_pickable_contiguous_region_by_seed(GimpPickable*, gboolean, gfloat, gboolean, GimpSelectCriterion, gboolean, gint, gint): foo took 0,0539 seconds
using gegl copy
gimp_line_art_prepare_async_func: close line-art took 0,4108 seconds
GeglBuffer* gimp_pickable_contiguous_region_by_line_art(GimpPickable*, GimpLineArt*, gint, gint): watershed line art took 0,0082 seconds
using gegl copy
gimp_line_art_prepare_async_func: close line-art took 0,6600 seconds
GeglBuffer* gimp_pickable_contiguous_region_by_line_art(GimpPickable*, GimpLineArt*, gint, gint): watershed line art took 0,0105 seconds
using gegl copy
gimp_line_art_prepare_async_func: close line-art took 0,7642 seconds
GeglBuffer* gimp_pickable_contiguous_region_by_line_art(GimpPickable*, GimpLineArt*, gint, gint): watershed line art took 0,0078 seconds
using gegl copy
gimp_line_art_prepare_async_func: close line-art took 0,7340 seconds
GeglBuffer* gimp_pickable_contiguous_region_by_line_art(GimpPickable*, GimpLineArt*, gint, gint): watershed line art took 0,0076 seconds
using gegl copy
gimp_line_art_prepare_async_func: close line-art took 0,7111 seconds
using gegl copy
gimp_line_art_prepare_async_func: close line-art took 0,3554 seconds
gimp_line_art_prepare_async_func: close line-art took 0,2311 seconds
gimp_line_art_prepare_async_func: close line-art took 0,4611 seconds
gimp_line_art_prepare_async_func: close line-art took 0,2329 seconds
gimp_line_art_prepare_async_func: close line-art took 0,3609 seconds
gimp_line_art_prepare_async_func: close line-art took 0,3510 seconds
GeglBuffer* gimp_pickable_contiguous_region_by_seed(GimpPickable*, gboolean, gfloat, gboolean, GimpSelectCriterion, gboolean, gint, gint): foo took 0,0462 seconds
using gegl copy
GeglBuffer* gimp_pickable_contiguous_region_by_seed(GimpPickable*, gboolean, gfloat, gboolean, GimpSelectCriterion, gboolean, gint, gint): foo took 0,0521 seconds
using gegl copy
GeglBuffer* gimp_pickable_contiguous_region_by_seed(GimpPickable*, gboolean, gfloat, gboolean, GimpSelectCriterion, gboolean, gint, gint): foo took 0,0520 seconds
using gegl copy
GeglBuffer* gimp_pickable_contiguous_region_by_seed(GimpPickable*, gboolean, gfloat, gboolean, GimpSelectCriterion, gboolean, gint, gint): foo took 0,0530 seconds
using gegl copy
GeglBuffer* gimp_pickable_contiguous_region_by_seed(GimpPickable*, gboolean, gfloat, gboolean, GimpSelectCriterion, gboolean, gint, gint): foo took 0,0258 seconds
using gegl copy
GeglBuffer* gimp_pickable_contiguous_region_by_seed(GimpPickable*, gboolean, gfloat, gboolean, GimpSelectCriterion, gboolean, gint, gint): foo took 0,0258 seconds
using gegl copy
gimp_line_art_prepare_async_func: close line-art took 0,7935 seconds
GeglBuffer* gimp_pickable_contiguous_region_by_line_art(GimpPickable*, GimpLineArt*, gint, gint): watershed line art took 0,0085 seconds
using gegl copy
gimp_line_art_prepare_async_func: close line-art took 0,7522 seconds
GeglBuffer* gimp_pickable_contiguous_region_by_line_art(GimpPickable*, GimpLineArt*, gint, gint): watershed line art took 0,0242 seconds
using gegl copy
gimp_line_art_prepare_async_func: close line-art took 0,7613 seconds
GeglBuffer* gimp_pickable_contiguous_region_by_line_art(GimpPickable*, GimpLineArt*, gint, gint): watershed line art took 0,0245 seconds
using gegl copy
gimp_line_art_prepare_async_func: close line-art took 0,7412 seconds
GeglBuffer* gimp_pickable_contiguous_region_by_line_art(GimpPickable*, GimpLineArt*, gint, gint): watershed line art took 0,0087 seconds
using gegl copy
gimp_line_art_prepare_async_func: close line-art took 0,7262 seconds
GeglBuffer* gimp_pickable_contiguous_region_by_line_art(GimpPickable*, GimpLineArt*, gint, gint): watershed line art took 0,0078 seconds
using gegl copy
gimp_line_art_prepare_async_func: close line-art took 0,7445 seconds
GeglBuffer* gimp_pickable_contiguous_region_by_line_art(GimpPickable*, GimpLineArt*, gint, gint): watershed line art took 0,0234 seconds
using gegl copy
gimp_line_art_prepare_async_func: close line-art took 0,7495 seconds
GeglBuffer* gimp_pickable_contiguous_region_by_line_art(GimpPickable*, GimpLineArt*, gint, gint): watershed line art took 0,0081 seconds
using gegl copy
gimp_line_art_prepare_async_func: close line-art took 0,7320 seconds
GeglBuffer* gimp_pickable_contiguous_region_by_line_art(GimpPickable*, GimpLineArt*, gint, gint): watershed line art took 0,0076 seconds
using gegl copy
gimp_line_art_prepare_async_func: close line-art took 0,7153 seconds
gimp_line_art_prepare_async_func: close line-art took 0,2752 seconds
gimp_line_art_prepare_async_func: close line-art took 0,2386 seconds
gimp_line_art_prepare_async_func: close line-art took 0,1970 seconds
gimp_line_art_prepare_async_func: close line-art took 0,1816 seconds
gimp_line_art_prepare_async_func: close line-art took 0,1825 seconds
gimp_line_art_prepare_async_func: close line-art took 0,3271 seconds
gimp_line_art_prepare_async_func: close line-art took 0,3680 seconds
gimp_line_art_prepare_async_func: close line-art took 0,7183 seconds
GeglBuffer* gimp_pickable_contiguous_region_by_line_art(GimpPickable*, GimpLineArt*, gint, gint): watershed line art took 0,0255 seconds
using gegl copy
gimp_line_art_prepare_async_func: close line-art took 0,7735 seconds
GeglBuffer* gimp_pickable_contiguous_region_by_line_art(GimpPickable*, GimpLineArt*, gint, gint): watershed line art took 0,0082 seconds
using gegl copy
gimp_line_art_prepare_async_func: close line-art took 0,7367 seconds
GeglBuffer* gimp_pickable_contiguous_region_by_line_art(GimpPickable*, GimpLineArt*, gint, gint): watershed line art took 0,0080 seconds
using gegl copy
gimp_line_art_prepare_async_func: close line-art took 0,7395 seconds
GeglBuffer* gimp_pickable_contiguous_region_by_line_art(GimpPickable*, GimpLineArt*, gint, gint): watershed line art took 0,0082 seconds
using gegl copy
gimp_line_art_prepare_async_func: close line-art took 0,7387 seconds
GeglBuffer* gimp_pickable_contiguous_region_by_line_art(GimpPickable*, GimpLineArt*, gint, gint): watershed line art took 0,0079 seconds
using gegl copy
gimp_line_art_prepare_async_func: close line-art took 0,7257 seconds
GeglBuffer* gimp_pickable_contiguous_region_by_line_art(GimpPickable*, GimpLineArt*, gint, gint): watershed line art took 0,0160 seconds
using gegl copy
gimp_line_art_prepare_async_func: close line-art took 0,7251 seconds
GeglBuffer* gimp_pickable_contiguous_region_by_line_art(GimpPickable*, GimpLineArt*, gint, gint): watershed line art took 0,0246 seconds
using gegl copy
gimp_line_art_prepare_async_func: close line-art took 0,7554 seconds
using gegl copy
gimp_line_art_prepare_async_func: close line-art took 0,7575 seconds
GeglBuffer* gimp_pickable_contiguous_region_by_line_art(GimpPickable*, GimpLineArt*, gint, gint): watershed line art took 0,0083 seconds
using gegl copy
gimp_line_art_prepare_async_func: close line-art took 0,7098 seconds
GeglBuffer* gimp_pickable_contiguous_region_by_line_art(GimpPickable*, GimpLineArt*, gint, gint): watershed line art took 0,0074 seconds
using gegl copy
gimp_line_art_prepare_async_func: close line-art took 0,7388 seconds
using gegl copy
gimp_line_art_prepare_async_func: close line-art took 0,7249 seconds
GeglBuffer* gimp_pickable_contiguous_region_by_line_art(GimpPickable*, GimpLineArt*, gint, gint): watershed line art took 0,0093 seconds
using gegl copy
gimp_line_art_prepare_async_func: close line-art took 0,7561 seconds
GeglBuffer* gimp_pickable_contiguous_region_by_line_art(GimpPickable*, GimpLineArt*, gint, gint): watershed line art took 0,0078 seconds
using gegl copy
gimp_line_art_prepare_async_func: close line-art took 0,7245 seconds
GeglBuffer* gimp_pickable_contiguous_region_by_line_art(GimpPickable*, GimpLineArt*, gint, gint): watershed line art took 0,0080 seconds
using gegl copy
gimp_line_art_prepare_async_func: close line-art took 0,6980 seconds
GeglBuffer* gimp_pickable_contiguous_region_by_line_art(GimpPickable*, GimpLineArt*, gint, gint): watershed line art took 0,0082 seconds
using gegl copy
gimp_line_art_prepare_async_func: close line-art took 0,7029 seconds
GeglBuffer* gimp_pickable_contiguous_region_by_line_art(GimpPickable*, GimpLineArt*, gint, gint): watershed line art took 0,0223 seconds
using gegl copy
gimp_line_art_prepare_async_func: close line-art took 0,7539 seconds
GeglBuffer* gimp_pickable_contiguous_region_by_seed(GimpPickable*, gboolean, gfloat, gboolean, GimpSelectCriterion, gboolean, gint, gint): foo took 0,0247 seconds
using gegl copy
GeglBuffer* gimp_pickable_contiguous_region_by_seed(GimpPickable*, gboolean, gfloat, gboolean, GimpSelectCriterion, gboolean, gint, gint): foo took 0,0255 seconds
using gegl copy
GeglBuffer* gimp_pickable_contiguous_region_by_seed(GimpPickable*, gboolean, gfloat, gboolean, GimpSelectCriterion, gboolean, gint, gint): foo took 0,0231 seconds
using gegl copy
GeglBuffer* gimp_pickable_contiguous_region_by_seed(GimpPickable*, gboolean, gfloat, gboolean, GimpSelectCriterion, gboolean, gint, gint): foo took 0,0001 seconds
using gegl copy
GeglBuffer* gimp_pickable_contiguous_region_by_seed(GimpPickable*, gboolean, gfloat, gboolean, GimpSelectCriterion, gboolean, gint, gint): foo took 0,0644 seconds
using gegl copy
GeglBuffer* gimp_pickable_contiguous_region_by_seed(GimpPickable*, gboolean, gfloat, gboolean, GimpSelectCriterion, gboolean, gint, gint): foo took 0,0004 seconds
using gegl copy
GeglBuffer* gimp_pickable_contiguous_region_by_seed(GimpPickable*, gboolean, gfloat, gboolean, GimpSelectCriterion, gboolean, gint, gint): foo took 0,0006 seconds
using gegl copy
GeglBuffer* gimp_pickable_contiguous_region_by_seed(GimpPickable*, gboolean, gfloat, gboolean, GimpSelectCriterion, gboolean, gint, gint): foo took 0,0005 seconds
GeglBuffer* gimp_pickable_contiguous_region_by_seed(GimpPickable*, gboolean, gfloat, gboolean, GimpSelectCriterion, gboolean, gint, gint): foo took 0,0002 seconds
GeglBuffer* gimp_pickable_contiguous_region_by_seed(GimpPickable*, gboolean, gfloat, gboolean, GimpSelectCriterion, gboolean, gint, gint): foo took 0,0004 seconds
using gegl copy
Gtk-Message: 15:42:30.403: Failed to load module "atk-bridge"
Gtk-Message: 15:42:30.403: Failed to load module "appmenu-gtk-module"

(file-png:80940): Gtk-WARNING **: 15:42:30.408: Unable to locate theme engine in module_path: "adwaita",

(file-png:80940): Gtk-WARNING **: 15:42:30.411: Unable to locate theme engine in module_path: "murrine",

(file-png:80940): Gtk-WARNING **: 15:42:30.412: Unable to locate theme engine in module_path: "adwaita",
Gtk-Message: 15:42:30.412: Failed to load module "canberra-gtk-module"
